2026-01-02 23:09:13 [[31MERROR[39M] Error sending certificate notification email: Invalid login: 535-5.7.8 Username and Password not accepted. For more information, go to
535 5.7.8  https://support.google.com/mail/?p=BadCredentials ffacd0b85a97d-4324ea830f3sm85496749f8f.22 - gsmtp {
  "code": "EAUTH",
  "response": "535-5.7.8 Username and Password not accepted. For more information, go to\n535 5.7.8  https://support.google.com/mail/?p=BadCredentials ffacd0b85a97d-4324ea830f3sm85496749f8f.22 - gsmtp",
  "responseCode": 535,
  "command": "AUTH PLAIN",
  "stack": "Error: Invalid login: 535-5.7.8 Username and Password not accepted. For more information, go to\n535 5.7.8  https://support.google.com/mail/?p=BadCredentials ffacd0b85a97d-4324ea830f3sm85496749f8f.22 - gsmtp\n    at SMTPConnection._formatError (D:\\Frist.c++\\H010\\server\\node_modules\\nodemailer\\lib\\smtp-connection\\index.js:809:19)\n    at SMTPConnection._actionAUTHComplete (D:\\Frist.c++\\H010\\server\\node_modules\\nodemailer\\lib\\smtp-connection\\index.js:1588:34)\n    at SMTPConnection.<anonymous> (D:\\Frist.c++\\H010\\server\\node_modules\\nodemailer\\lib\\smtp-connection\\index.js:556:26)\n    at SMTPConnection._processResponse (D:\\Frist.c++\\H010\\server\\node_modules\\nodemailer\\lib\\smtp-connection\\index.js:993:20)\n    at SMTPConnection._onData (D:\\Frist.c++\\H010\\server\\node_modules\\nodemailer\\lib\\smtp-connection\\index.js:774:14)\n    at SMTPConnection._onSocketData (D:\\Frist.c++\\H010\\server\\node_modules\\nodemailer\\lib\\smtp-connection\\index.js:195:44)\n    at TLSSocket.emit (node:events:518:28)\n    at addChunk (node:internal/streams/readable:561:12)\n    at readableAddChunkPushByteMode (node:internal/streams/readable:512:3)\n    at Readable.push (node:internal/streams/readable:392:5)"
}
2026-01-02 23:16:44 [[31MERROR[39M] Error sending certificate notification email: Invalid login: 535-5.7.8 Username and Password not accepted. For more information, go to
535 5.7.8  https://support.google.com/mail/?p=BadCredentials 5b1f17b1804b1-47d6d13e2bdsm2573095e9.3 - gsmtp {
  "code": "EAUTH",
  "response": "535-5.7.8 Username and Password not accepted. For more information, go to\n535 5.7.8  https://support.google.com/mail/?p=BadCredentials 5b1f17b1804b1-47d6d13e2bdsm2573095e9.3 - gsmtp",
  "responseCode": 535,
  "command": "AUTH PLAIN",
  "stack": "Error: Invalid login: 535-5.7.8 Username and Password not accepted. For more information, go to\n535 5.7.8  https://support.google.com/mail/?p=BadCredentials 5b1f17b1804b1-47d6d13e2bdsm2573095e9.3 - gsmtp\n    at SMTPConnection._formatError (D:\\Frist.c++\\H010\\server\\node_modules\\nodemailer\\lib\\smtp-connection\\index.js:809:19)\n    at SMTPConnection._actionAUTHComplete (D:\\Frist.c++\\H010\\server\\node_modules\\nodemailer\\lib\\smtp-connection\\index.js:1588:34)\n    at SMTPConnection.<anonymous> (D:\\Frist.c++\\H010\\server\\node_modules\\nodemailer\\lib\\smtp-connection\\index.js:556:26)\n    at SMTPConnection._processResponse (D:\\Frist.c++\\H010\\server\\node_modules\\nodemailer\\lib\\smtp-connection\\index.js:993:20)\n    at SMTPConnection._onData (D:\\Frist.c++\\H010\\server\\node_modules\\nodemailer\\lib\\smtp-connection\\index.js:774:14)\n    at SMTPConnection._onSocketData (D:\\Frist.c++\\H010\\server\\node_modules\\nodemailer\\lib\\smtp-connection\\index.js:195:44)\n    at TLSSocket.emit (node:events:518:28)\n    at addChunk (node:internal/streams/readable:561:12)\n    at readableAddChunkPushByteMode (node:internal/streams/readable:512:3)\n    at Readable.push (node:internal/streams/readable:392:5)"
}
2026-01-02 23:17:30 [[31MERROR[39M] Error sending certificate notification email: Invalid login: 535-5.7.8 Username and Password not accepted. For more information, go to
535 5.7.8  https://support.google.com/mail/?p=BadCredentials 5b1f17b1804b1-47d6d34500fsm2206295e9.15 - gsmtp {
  "code": "EAUTH",
  "response": "535-5.7.8 Username and Password not accepted. For more information, go to\n535 5.7.8  https://support.google.com/mail/?p=BadCredentials 5b1f17b1804b1-47d6d34500fsm2206295e9.15 - gsmtp",
  "responseCode": 535,
  "command": "AUTH PLAIN",
  "stack": "Error: Invalid login: 535-5.7.8 Username and Password not accepted. For more information, go to\n535 5.7.8  https://support.google.com/mail/?p=BadCredentials 5b1f17b1804b1-47d6d34500fsm2206295e9.15 - gsmtp\n    at SMTPConnection._formatError (D:\\Frist.c++\\H010\\server\\node_modules\\nodemailer\\lib\\smtp-connection\\index.js:809:19)\n    at SMTPConnection._actionAUTHComplete (D:\\Frist.c++\\H010\\server\\node_modules\\nodemailer\\lib\\smtp-connection\\index.js:1588:34)\n    at SMTPConnection.<anonymous> (D:\\Frist.c++\\H010\\server\\node_modules\\nodemailer\\lib\\smtp-connection\\index.js:556:26)\n    at SMTPConnection._processResponse (D:\\Frist.c++\\H010\\server\\node_modules\\nodemailer\\lib\\smtp-connection\\index.js:993:20)\n    at SMTPConnection._onData (D:\\Frist.c++\\H010\\server\\node_modules\\nodemailer\\lib\\smtp-connection\\index.js:774:14)\n    at SMTPConnection._onSocketData (D:\\Frist.c++\\H010\\server\\node_modules\\nodemailer\\lib\\smtp-connection\\index.js:195:44)\n    at TLSSocket.emit (node:events:518:28)\n    at addChunk (node:internal/streams/readable:561:12)\n    at readableAddChunkPushByteMode (node:internal/streams/readable:512:3)\n    at Readable.push (node:internal/streams/readable:392:5)"
}
2026-01-02 23:18:15 [[31MERROR[39M] Error sending certificate notification email: Invalid login: 535-5.7.8 Username and Password not accepted. For more information, go to
535 5.7.8  https://support.google.com/mail/?p=BadCredentials ffacd0b85a97d-4324ea830fesm87463269f8f.20 - gsmtp {
  "code": "EAUTH",
  "response": "535-5.7.8 Username and Password not accepted. For more information, go to\n535 5.7.8  https://support.google.com/mail/?p=BadCredentials ffacd0b85a97d-4324ea830fesm87463269f8f.20 - gsmtp",
  "responseCode": 535,
  "command": "AUTH PLAIN",
  "stack": "Error: Invalid login: 535-5.7.8 Username and Password not accepted. For more information, go to\n535 5.7.8  https://support.google.com/mail/?p=BadCredentials ffacd0b85a97d-4324ea830fesm87463269f8f.20 - gsmtp\n    at SMTPConnection._formatError (D:\\Frist.c++\\H010\\server\\node_modules\\nodemailer\\lib\\smtp-connection\\index.js:809:19)\n    at SMTPConnection._actionAUTHComplete (D:\\Frist.c++\\H010\\server\\node_modules\\nodemailer\\lib\\smtp-connection\\index.js:1588:34)\n    at SMTPConnection.<anonymous> (D:\\Frist.c++\\H010\\server\\node_modules\\nodemailer\\lib\\smtp-connection\\index.js:556:26)\n    at SMTPConnection._processResponse (D:\\Frist.c++\\H010\\server\\node_modules\\nodemailer\\lib\\smtp-connection\\index.js:993:20)\n    at SMTPConnection._onData (D:\\Frist.c++\\H010\\server\\node_modules\\nodemailer\\lib\\smtp-connection\\index.js:774:14)\n    at SMTPConnection._onSocketData (D:\\Frist.c++\\H010\\server\\node_modules\\nodemailer\\lib\\smtp-connection\\index.js:195:44)\n    at TLSSocket.emit (node:events:518:28)\n    at addChunk (node:internal/streams/readable:561:12)\n    at readableAddChunkPushByteMode (node:internal/streams/readable:512:3)\n    at Readable.push (node:internal/streams/readable:392:5)"
}
2026-01-02 23:28:40 [[31MERROR[39M] Error sending certificate notification email: Invalid login: 535-5.7.8 Username and Password not accepted. For more information, go to
535 5.7.8  https://support.google.com/mail/?p=BadCredentials 5b1f17b1804b1-47d6d33e351sm2718305e9.10 - gsmtp {
  "code": "EAUTH",
  "response": "535-5.7.8 Username and Password not accepted. For more information, go to\n535 5.7.8  https://support.google.com/mail/?p=BadCredentials 5b1f17b1804b1-47d6d33e351sm2718305e9.10 - gsmtp",
  "responseCode": 535,
  "command": "AUTH PLAIN",
  "stack": "Error: Invalid login: 535-5.7.8 Username and Password not accepted. For more information, go to\n535 5.7.8  https://support.google.com/mail/?p=BadCredentials 5b1f17b1804b1-47d6d33e351sm2718305e9.10 - gsmtp\n    at SMTPConnection._formatError (D:\\Frist.c++\\H010\\server\\node_modules\\nodemailer\\lib\\smtp-connection\\index.js:809:19)\n    at SMTPConnection._actionAUTHComplete (D:\\Frist.c++\\H010\\server\\node_modules\\nodemailer\\lib\\smtp-connection\\index.js:1588:34)\n    at SMTPConnection.<anonymous> (D:\\Frist.c++\\H010\\server\\node_modules\\nodemailer\\lib\\smtp-connection\\index.js:556:26)\n    at SMTPConnection._processResponse (D:\\Frist.c++\\H010\\server\\node_modules\\nodemailer\\lib\\smtp-connection\\index.js:993:20)\n    at SMTPConnection._onData (D:\\Frist.c++\\H010\\server\\node_modules\\nodemailer\\lib\\smtp-connection\\index.js:774:14)\n    at SMTPConnection._onSocketData (D:\\Frist.c++\\H010\\server\\node_modules\\nodemailer\\lib\\smtp-connection\\index.js:195:44)\n    at TLSSocket.emit (node:events:518:28)\n    at addChunk (node:internal/streams/readable:561:12)\n    at readableAddChunkPushByteMode (node:internal/streams/readable:512:3)\n    at Readable.push (node:internal/streams/readable:392:5)"
}
2026-01-02 23:35:17 [[31MERROR[39M] Error sending certificate notification email: Invalid login: 535-5.7.8 Username and Password not accepted. For more information, go to
535 5.7.8  https://support.google.com/mail/?p=BadCredentials ffacd0b85a97d-4324eaa2bdfsm87422953f8f.32 - gsmtp {
  "code": "EAUTH",
  "response": "535-5.7.8 Username and Password not accepted. For more information, go to\n535 5.7.8  https://support.google.com/mail/?p=BadCredentials ffacd0b85a97d-4324eaa2bdfsm87422953f8f.32 - gsmtp",
  "responseCode": 535,
  "command": "AUTH PLAIN",
  "stack": "Error: Invalid login: 535-5.7.8 Username and Password not accepted. For more information, go to\n535 5.7.8  https://support.google.com/mail/?p=BadCredentials ffacd0b85a97d-4324eaa2bdfsm87422953f8f.32 - gsmtp\n    at SMTPConnection._formatError (D:\\Frist.c++\\H010\\server\\node_modules\\nodemailer\\lib\\smtp-connection\\index.js:809:19)\n    at SMTPConnection._actionAUTHComplete (D:\\Frist.c++\\H010\\server\\node_modules\\nodemailer\\lib\\smtp-connection\\index.js:1588:34)\n    at SMTPConnection.<anonymous> (D:\\Frist.c++\\H010\\server\\node_modules\\nodemailer\\lib\\smtp-connection\\index.js:556:26)\n    at SMTPConnection._processResponse (D:\\Frist.c++\\H010\\server\\node_modules\\nodemailer\\lib\\smtp-connection\\index.js:993:20)\n    at SMTPConnection._onData (D:\\Frist.c++\\H010\\server\\node_modules\\nodemailer\\lib\\smtp-connection\\index.js:774:14)\n    at SMTPConnection._onSocketData (D:\\Frist.c++\\H010\\server\\node_modules\\nodemailer\\lib\\smtp-connection\\index.js:195:44)\n    at TLSSocket.emit (node:events:518:28)\n    at addChunk (node:internal/streams/readable:561:12)\n    at readableAddChunkPushByteMode (node:internal/streams/readable:512:3)\n    at Readable.push (node:internal/streams/readable:392:5)"
}
2026-01-02 23:36:11 [[31MERROR[39M] Error sending certificate notification email: Invalid login: 535-5.7.8 Username and Password not accepted. For more information, go to
535 5.7.8  https://support.google.com/mail/?p=BadCredentials ffacd0b85a97d-4324eaa08efsm87121544f8f.29 - gsmtp {
  "code": "EAUTH",
  "response": "535-5.7.8 Username and Password not accepted. For more information, go to\n535 5.7.8  https://support.google.com/mail/?p=BadCredentials ffacd0b85a97d-4324eaa08efsm87121544f8f.29 - gsmtp",
  "responseCode": 535,
  "command": "AUTH PLAIN",
  "stack": "Error: Invalid login: 535-5.7.8 Username and Password not accepted. For more information, go to\n535 5.7.8  https://support.google.com/mail/?p=BadCredentials ffacd0b85a97d-4324eaa08efsm87121544f8f.29 - gsmtp\n    at SMTPConnection._formatError (D:\\Frist.c++\\H010\\server\\node_modules\\nodemailer\\lib\\smtp-connection\\index.js:809:19)\n    at SMTPConnection._actionAUTHComplete (D:\\Frist.c++\\H010\\server\\node_modules\\nodemailer\\lib\\smtp-connection\\index.js:1588:34)\n    at SMTPConnection.<anonymous> (D:\\Frist.c++\\H010\\server\\node_modules\\nodemailer\\lib\\smtp-connection\\index.js:556:26)\n    at SMTPConnection._processResponse (D:\\Frist.c++\\H010\\server\\node_modules\\nodemailer\\lib\\smtp-connection\\index.js:993:20)\n    at SMTPConnection._onData (D:\\Frist.c++\\H010\\server\\node_modules\\nodemailer\\lib\\smtp-connection\\index.js:774:14)\n    at SMTPConnection._onSocketData (D:\\Frist.c++\\H010\\server\\node_modules\\nodemailer\\lib\\smtp-connection\\index.js:195:44)\n    at TLSSocket.emit (node:events:518:28)\n    at addChunk (node:internal/streams/readable:561:12)\n    at readableAddChunkPushByteMode (node:internal/streams/readable:512:3)\n    at Readable.push (node:internal/streams/readable:392:5)"
}
2026-01-02 23:50:13 [[31MERROR[39M] Error sending certificate notification email: Invalid login: 535-5.7.8 Username and Password not accepted. For more information, go to
535 5.7.8  https://support.google.com/mail/?p=BadCredentials ffacd0b85a97d-4324ea1af2bsm86370359f8f.1 - gsmtp {
  "code": "EAUTH",
  "response": "535-5.7.8 Username and Password not accepted. For more information, go to\n535 5.7.8  https://support.google.com/mail/?p=BadCredentials ffacd0b85a97d-4324ea1af2bsm86370359f8f.1 - gsmtp",
  "responseCode": 535,
  "command": "AUTH PLAIN",
  "stack": "Error: Invalid login: 535-5.7.8 Username and Password not accepted. For more information, go to\n535 5.7.8  https://support.google.com/mail/?p=BadCredentials ffacd0b85a97d-4324ea1af2bsm86370359f8f.1 - gsmtp\n    at SMTPConnection._formatError (D:\\Frist.c++\\H010\\server\\node_modules\\nodemailer\\lib\\smtp-connection\\index.js:809:19)\n    at SMTPConnection._actionAUTHComplete (D:\\Frist.c++\\H010\\server\\node_modules\\nodemailer\\lib\\smtp-connection\\index.js:1588:34)\n    at SMTPConnection.<anonymous> (D:\\Frist.c++\\H010\\server\\node_modules\\nodemailer\\lib\\smtp-connection\\index.js:556:26)\n    at SMTPConnection._processResponse (D:\\Frist.c++\\H010\\server\\node_modules\\nodemailer\\lib\\smtp-connection\\index.js:993:20)\n    at SMTPConnection._onData (D:\\Frist.c++\\H010\\server\\node_modules\\nodemailer\\lib\\smtp-connection\\index.js:774:14)\n    at SMTPConnection._onSocketData (D:\\Frist.c++\\H010\\server\\node_modules\\nodemailer\\lib\\smtp-connection\\index.js:195:44)\n    at TLSSocket.emit (node:events:518:28)\n    at addChunk (node:internal/streams/readable:561:12)\n    at readableAddChunkPushByteMode (node:internal/streams/readable:512:3)\n    at Readable.push (node:internal/streams/readable:392:5)"
}
2026-01-03 00:16:28 [[31MERROR[39M] Error sending certificate notification email: Invalid login: 535-5.7.8 Username and Password not accepted. For more information, go to
535 5.7.8  https://support.google.com/mail/?p=BadCredentials ffacd0b85a97d-4324ea1aef7sm86553485f8f.7 - gsmtp {
  "code": "EAUTH",
  "response": "535-5.7.8 Username and Password not accepted. For more information, go to\n535 5.7.8  https://support.google.com/mail/?p=BadCredentials ffacd0b85a97d-4324ea1aef7sm86553485f8f.7 - gsmtp",
  "responseCode": 535,
  "command": "AUTH PLAIN",
  "stack": "Error: Invalid login: 535-5.7.8 Username and Password not accepted. For more information, go to\n535 5.7.8  https://support.google.com/mail/?p=BadCredentials ffacd0b85a97d-4324ea1aef7sm86553485f8f.7 - gsmtp\n    at SMTPConnection._formatError (D:\\Frist.c++\\H010\\server\\node_modules\\nodemailer\\lib\\smtp-connection\\index.js:809:19)\n    at SMTPConnection._actionAUTHComplete (D:\\Frist.c++\\H010\\server\\node_modules\\nodemailer\\lib\\smtp-connection\\index.js:1588:34)\n    at SMTPConnection.<anonymous> (D:\\Frist.c++\\H010\\server\\node_modules\\nodemailer\\lib\\smtp-connection\\index.js:556:26)\n    at SMTPConnection._processResponse (D:\\Frist.c++\\H010\\server\\node_modules\\nodemailer\\lib\\smtp-connection\\index.js:993:20)\n    at SMTPConnection._onData (D:\\Frist.c++\\H010\\server\\node_modules\\nodemailer\\lib\\smtp-connection\\index.js:774:14)\n    at SMTPConnection._onSocketData (D:\\Frist.c++\\H010\\server\\node_modules\\nodemailer\\lib\\smtp-connection\\index.js:195:44)\n    at TLSSocket.emit (node:events:518:28)\n    at addChunk (node:internal/streams/readable:561:12)\n    at readableAddChunkPushByteMode (node:internal/streams/readable:512:3)\n    at Readable.push (node:internal/streams/readable:392:5)"
}
2026-01-03 22:43:17 [[31MERROR[39M] Error sending certificate notification email: Invalid login: 535-5.7.8 Username and Password not accepted. For more information, go to
535 5.7.8  https://support.google.com/mail/?p=BadCredentials ffacd0b85a97d-4324eab2721sm91035055f8f.39 - gsmtp {
  "code": "EAUTH",
  "response": "535-5.7.8 Username and Password not accepted. For more information, go to\n535 5.7.8  https://support.google.com/mail/?p=BadCredentials ffacd0b85a97d-4324eab2721sm91035055f8f.39 - gsmtp",
  "responseCode": 535,
  "command": "AUTH PLAIN",
  "stack": "Error: Invalid login: 535-5.7.8 Username and Password not accepted. For more information, go to\n535 5.7.8  https://support.google.com/mail/?p=BadCredentials ffacd0b85a97d-4324eab2721sm91035055f8f.39 - gsmtp\n    at SMTPConnection._formatError (D:\\Frist.c++\\H010\\server\\node_modules\\nodemailer\\lib\\smtp-connection\\index.js:809:19)\n    at SMTPConnection._actionAUTHComplete (D:\\Frist.c++\\H010\\server\\node_modules\\nodemailer\\lib\\smtp-connection\\index.js:1588:34)\n    at SMTPConnection.<anonymous> (D:\\Frist.c++\\H010\\server\\node_modules\\nodemailer\\lib\\smtp-connection\\index.js:556:26)\n    at SMTPConnection._processResponse (D:\\Frist.c++\\H010\\server\\node_modules\\nodemailer\\lib\\smtp-connection\\index.js:993:20)\n    at SMTPConnection._onData (D:\\Frist.c++\\H010\\server\\node_modules\\nodemailer\\lib\\smtp-connection\\index.js:774:14)\n    at SMTPConnection._onSocketData (D:\\Frist.c++\\H010\\server\\node_modules\\nodemailer\\lib\\smtp-connection\\index.js:195:44)\n    at TLSSocket.emit (node:events:518:28)\n    at addChunk (node:internal/streams/readable:561:12)\n    at readableAddChunkPushByteMode (node:internal/streams/readable:512:3)\n    at Readable.push (node:internal/streams/readable:392:5)"
}
2026-01-03 22:46:36 [[31MERROR[39M] Error sending certificate notification email: Invalid login: 535-5.7.8 Username and Password not accepted. For more information, go to
535 5.7.8  https://support.google.com/mail/?p=BadCredentials ffacd0b85a97d-4324ea82f6asm93337208f8f.27 - gsmtp {
  "code": "EAUTH",
  "response": "535-5.7.8 Username and Password not accepted. For more information, go to\n535 5.7.8  https://support.google.com/mail/?p=BadCredentials ffacd0b85a97d-4324ea82f6asm93337208f8f.27 - gsmtp",
  "responseCode": 535,
  "command": "AUTH PLAIN",
  "stack": "Error: Invalid login: 535-5.7.8 Username and Password not accepted. For more information, go to\n535 5.7.8  https://support.google.com/mail/?p=BadCredentials ffacd0b85a97d-4324ea82f6asm93337208f8f.27 - gsmtp\n    at SMTPConnection._formatError (D:\\Frist.c++\\H010\\server\\node_modules\\nodemailer\\lib\\smtp-connection\\index.js:809:19)\n    at SMTPConnection._actionAUTHComplete (D:\\Frist.c++\\H010\\server\\node_modules\\nodemailer\\lib\\smtp-connection\\index.js:1588:34)\n    at SMTPConnection.<anonymous> (D:\\Frist.c++\\H010\\server\\node_modules\\nodemailer\\lib\\smtp-connection\\index.js:556:26)\n    at SMTPConnection._processResponse (D:\\Frist.c++\\H010\\server\\node_modules\\nodemailer\\lib\\smtp-connection\\index.js:993:20)\n    at SMTPConnection._onData (D:\\Frist.c++\\H010\\server\\node_modules\\nodemailer\\lib\\smtp-connection\\index.js:774:14)\n    at SMTPConnection._onSocketData (D:\\Frist.c++\\H010\\server\\node_modules\\nodemailer\\lib\\smtp-connection\\index.js:195:44)\n    at TLSSocket.emit (node:events:518:28)\n    at addChunk (node:internal/streams/readable:561:12)\n    at readableAddChunkPushByteMode (node:internal/streams/readable:512:3)\n    at Readable.push (node:internal/streams/readable:392:5)"
}
2026-01-03 22:52:00 [[31MERROR[39M] Error sending certificate notification email: Invalid login: 535-5.7.8 Username and Password not accepted. For more information, go to
535 5.7.8  https://support.google.com/mail/?p=BadCredentials ffacd0b85a97d-4324eab257asm92246288f8f.38 - gsmtp {
  "code": "EAUTH",
  "response": "535-5.7.8 Username and Password not accepted. For more information, go to\n535 5.7.8  https://support.google.com/mail/?p=BadCredentials ffacd0b85a97d-4324eab257asm92246288f8f.38 - gsmtp",
  "responseCode": 535,
  "command": "AUTH PLAIN",
  "stack": "Error: Invalid login: 535-5.7.8 Username and Password not accepted. For more information, go to\n535 5.7.8  https://support.google.com/mail/?p=BadCredentials ffacd0b85a97d-4324eab257asm92246288f8f.38 - gsmtp\n    at SMTPConnection._formatError (D:\\Frist.c++\\H010\\server\\node_modules\\nodemailer\\lib\\smtp-connection\\index.js:809:19)\n    at SMTPConnection._actionAUTHComplete (D:\\Frist.c++\\H010\\server\\node_modules\\nodemailer\\lib\\smtp-connection\\index.js:1588:34)\n    at SMTPConnection.<anonymous> (D:\\Frist.c++\\H010\\server\\node_modules\\nodemailer\\lib\\smtp-connection\\index.js:556:26)\n    at SMTPConnection._processResponse (D:\\Frist.c++\\H010\\server\\node_modules\\nodemailer\\lib\\smtp-connection\\index.js:993:20)\n    at SMTPConnection._onData (D:\\Frist.c++\\H010\\server\\node_modules\\nodemailer\\lib\\smtp-connection\\index.js:774:14)\n    at SMTPConnection._onSocketData (D:\\Frist.c++\\H010\\server\\node_modules\\nodemailer\\lib\\smtp-connection\\index.js:195:44)\n    at TLSSocket.emit (node:events:518:28)\n    at addChunk (node:internal/streams/readable:561:12)\n    at readableAddChunkPushByteMode (node:internal/streams/readable:512:3)\n    at Readable.push (node:internal/streams/readable:392:5)"
}
2026-01-04 00:06:03 [[31MERROR[39M] Error sending certificate notification email: Invalid login: 535-5.7.8 Username and Password not accepted. For more information, go to
535 5.7.8  https://support.google.com/mail/?p=BadCredentials 5b1f17b1804b1-47d6d13e2e0sm67583035e9.1 - gsmtp {
  "code": "EAUTH",
  "response": "535-5.7.8 Username and Password not accepted. For more information, go to\n535 5.7.8  https://support.google.com/mail/?p=BadCredentials 5b1f17b1804b1-47d6d13e2e0sm67583035e9.1 - gsmtp",
  "responseCode": 535,
  "command": "AUTH PLAIN",
  "stack": "Error: Invalid login: 535-5.7.8 Username and Password not accepted. For more information, go to\n535 5.7.8  https://support.google.com/mail/?p=BadCredentials 5b1f17b1804b1-47d6d13e2e0sm67583035e9.1 - gsmtp\n    at SMTPConnection._formatError (D:\\Frist.c++\\H010\\server\\node_modules\\nodemailer\\lib\\smtp-connection\\index.js:809:19)\n    at SMTPConnection._actionAUTHComplete (D:\\Frist.c++\\H010\\server\\node_modules\\nodemailer\\lib\\smtp-connection\\index.js:1588:34)\n    at SMTPConnection.<anonymous> (D:\\Frist.c++\\H010\\server\\node_modules\\nodemailer\\lib\\smtp-connection\\index.js:556:26)\n    at SMTPConnection._processResponse (D:\\Frist.c++\\H010\\server\\node_modules\\nodemailer\\lib\\smtp-connection\\index.js:993:20)\n    at SMTPConnection._onData (D:\\Frist.c++\\H010\\server\\node_modules\\nodemailer\\lib\\smtp-connection\\index.js:774:14)\n    at SMTPConnection._onSocketData (D:\\Frist.c++\\H010\\server\\node_modules\\nodemailer\\lib\\smtp-connection\\index.js:195:44)\n    at TLSSocket.emit (node:events:518:28)\n    at addChunk (node:internal/streams/readable:561:12)\n    at readableAddChunkPushByteMode (node:internal/streams/readable:512:3)\n    at Readable.push (node:internal/streams/readable:392:5)"
}
2026-01-04 00:10:45 [[31MERROR[39M] Error sending certificate notification email: Invalid login: 535-5.7.8 Username and Password not accepted. For more information, go to
535 5.7.8  https://support.google.com/mail/?p=BadCredentials ffacd0b85a97d-4324eab2c4fsm91932764f8f.42 - gsmtp {
  "code": "EAUTH",
  "response": "535-5.7.8 Username and Password not accepted. For more information, go to\n535 5.7.8  https://support.google.com/mail/?p=BadCredentials ffacd0b85a97d-4324eab2c4fsm91932764f8f.42 - gsmtp",
  "responseCode": 535,
  "command": "AUTH PLAIN",
  "stack": "Error: Invalid login: 535-5.7.8 Username and Password not accepted. For more information, go to\n535 5.7.8  https://support.google.com/mail/?p=BadCredentials ffacd0b85a97d-4324eab2c4fsm91932764f8f.42 - gsmtp\n    at SMTPConnection._formatError (D:\\Frist.c++\\H010\\server\\node_modules\\nodemailer\\lib\\smtp-connection\\index.js:809:19)\n    at SMTPConnection._actionAUTHComplete (D:\\Frist.c++\\H010\\server\\node_modules\\nodemailer\\lib\\smtp-connection\\index.js:1588:34)\n    at SMTPConnection.<anonymous> (D:\\Frist.c++\\H010\\server\\node_modules\\nodemailer\\lib\\smtp-connection\\index.js:556:26)\n    at SMTPConnection._processResponse (D:\\Frist.c++\\H010\\server\\node_modules\\nodemailer\\lib\\smtp-connection\\index.js:993:20)\n    at SMTPConnection._onData (D:\\Frist.c++\\H010\\server\\node_modules\\nodemailer\\lib\\smtp-connection\\index.js:774:14)\n    at SMTPConnection._onSocketData (D:\\Frist.c++\\H010\\server\\node_modules\\nodemailer\\lib\\smtp-connection\\index.js:195:44)\n    at TLSSocket.emit (node:events:518:28)\n    at addChunk (node:internal/streams/readable:561:12)\n    at readableAddChunkPushByteMode (node:internal/streams/readable:512:3)\n    at Readable.push (node:internal/streams/readable:392:5)"
}
2026-01-05 16:59:01 [[31MERROR[39M] Error sending contact email: Invalid login: 535-5.7.8 Username and Password not accepted. For more information, go to
535 5.7.8  https://support.google.com/mail/?p=BadCredentials ffacd0b85a97d-4324eaa2beasm99844326f8f.33 - gsmtp {
  "code": "EAUTH",
  "response": "535-5.7.8 Username and Password not accepted. For more information, go to\n535 5.7.8  https://support.google.com/mail/?p=BadCredentials ffacd0b85a97d-4324eaa2beasm99844326f8f.33 - gsmtp",
  "responseCode": 535,
  "command": "AUTH PLAIN",
  "stack": "Error: Invalid login: 535-5.7.8 Username and Password not accepted. For more information, go to\n535 5.7.8  https://support.google.com/mail/?p=BadCredentials ffacd0b85a97d-4324eaa2beasm99844326f8f.33 - gsmtp\n    at SMTPConnection._formatError (D:\\Frist.c++\\H010\\server\\node_modules\\nodemailer\\lib\\smtp-connection\\index.js:809:19)\n    at SMTPConnection._actionAUTHComplete (D:\\Frist.c++\\H010\\server\\node_modules\\nodemailer\\lib\\smtp-connection\\index.js:1588:34)\n    at SMTPConnection.<anonymous> (D:\\Frist.c++\\H010\\server\\node_modules\\nodemailer\\lib\\smtp-connection\\index.js:556:26)\n    at SMTPConnection._processResponse (D:\\Frist.c++\\H010\\server\\node_modules\\nodemailer\\lib\\smtp-connection\\index.js:993:20)\n    at SMTPConnection._onData (D:\\Frist.c++\\H010\\server\\node_modules\\nodemailer\\lib\\smtp-connection\\index.js:774:14)\n    at SMTPConnection._onSocketData (D:\\Frist.c++\\H010\\server\\node_modules\\nodemailer\\lib\\smtp-connection\\index.js:195:44)\n    at TLSSocket.emit (node:events:518:28)\n    at addChunk (node:internal/streams/readable:561:12)\n    at readableAddChunkPushByteMode (node:internal/streams/readable:512:3)\n    at Readable.push (node:internal/streams/readable:392:5)"
}
2026-01-05 17:03:03 [[31MERROR[39M] 500 - Not Found - /api/v1/auth/login - /api/v1/auth/login - GET - 127.0.0.1 {
  "stack": "Error: Not Found - /api/v1/auth/login\n    at notFound (D:\\Frist.c++\\H010\\server\\middleware\\errorHandler.js:92:19)\n    at Layer.handle [as handle_request] (D:\\Frist.c++\\H010\\server\\node_modules\\express\\lib\\router\\layer.js:95:5)\n    at trim_prefix (D:\\Frist.c++\\H010\\server\\node_modules\\express\\lib\\router\\index.js:328:13)\n    at D:\\Frist.c++\\H010\\server\\node_modules\\express\\lib\\router\\index.js:286:9\n    at Function.process_params (D:\\Frist.c++\\H010\\server\\node_modules\\express\\lib\\router\\index.js:346:12)\n    at next (D:\\Frist.c++\\H010\\server\\node_modules\\express\\lib\\router\\index.js:280:10)\n    at Layer.handle [as handle_request] (D:\\Frist.c++\\H010\\server\\node_modules\\express\\lib\\router\\layer.js:91:12)\n    at trim_prefix (D:\\Frist.c++\\H010\\server\\node_modules\\express\\lib\\router\\index.js:328:13)\n    at D:\\Frist.c++\\H010\\server\\node_modules\\express\\lib\\router\\index.js:286:9\n    at Function.process_params (D:\\Frist.c++\\H010\\server\\node_modules\\express\\lib\\router\\index.js:346:12)"
}
2026-01-05 17:03:03 [[31MERROR[39M] 500 - Not Found - /favicon.ico - /favicon.ico - GET - 127.0.0.1 {
  "stack": "Error: Not Found - /favicon.ico\n    at notFound (D:\\Frist.c++\\H010\\server\\middleware\\errorHandler.js:92:19)\n    at Layer.handle [as handle_request] (D:\\Frist.c++\\H010\\server\\node_modules\\express\\lib\\router\\layer.js:95:5)\n    at trim_prefix (D:\\Frist.c++\\H010\\server\\node_modules\\express\\lib\\router\\index.js:328:13)\n    at D:\\Frist.c++\\H010\\server\\node_modules\\express\\lib\\router\\index.js:286:9\n    at Function.process_params (D:\\Frist.c++\\H010\\server\\node_modules\\express\\lib\\router\\index.js:346:12)\n    at next (D:\\Frist.c++\\H010\\server\\node_modules\\express\\lib\\router\\index.js:280:10)\n    at Layer.handle [as handle_request] (D:\\Frist.c++\\H010\\server\\node_modules\\express\\lib\\router\\layer.js:91:12)\n    at trim_prefix (D:\\Frist.c++\\H010\\server\\node_modules\\express\\lib\\router\\index.js:328:13)\n    at D:\\Frist.c++\\H010\\server\\node_modules\\express\\lib\\router\\index.js:286:9\n    at Function.process_params (D:\\Frist.c++\\H010\\server\\node_modules\\express\\lib\\router\\index.js:346:12)"
}
2026-01-05 17:03:18 [[31MERROR[39M] 500 - Not Found - /favicon.ico - /favicon.ico - GET - 127.0.0.1 {
  "stack": "Error: Not Found - /favicon.ico\n    at notFound (D:\\Frist.c++\\H010\\server\\middleware\\errorHandler.js:92:19)\n    at Layer.handle [as handle_request] (D:\\Frist.c++\\H010\\server\\node_modules\\express\\lib\\router\\layer.js:95:5)\n    at trim_prefix (D:\\Frist.c++\\H010\\server\\node_modules\\express\\lib\\router\\index.js:328:13)\n    at D:\\Frist.c++\\H010\\server\\node_modules\\express\\lib\\router\\index.js:286:9\n    at Function.process_params (D:\\Frist.c++\\H010\\server\\node_modules\\express\\lib\\router\\index.js:346:12)\n    at next (D:\\Frist.c++\\H010\\server\\node_modules\\express\\lib\\router\\index.js:280:10)\n    at Layer.handle [as handle_request] (D:\\Frist.c++\\H010\\server\\node_modules\\express\\lib\\router\\layer.js:91:12)\n    at trim_prefix (D:\\Frist.c++\\H010\\server\\node_modules\\express\\lib\\router\\index.js:328:13)\n    at D:\\Frist.c++\\H010\\server\\node_modules\\express\\lib\\router\\index.js:286:9\n    at Function.process_params (D:\\Frist.c++\\H010\\server\\node_modules\\express\\lib\\router\\index.js:346:12)"
}
2026-01-05 17:03:52 [[31MERROR[39M] 500 - Not Found - /api/v1/auth/login - /api/v1/auth/login - GET - 127.0.0.1 {
  "stack": "Error: Not Found - /api/v1/auth/login\n    at notFound (D:\\Frist.c++\\H010\\server\\middleware\\errorHandler.js:92:19)\n    at Layer.handle [as handle_request] (D:\\Frist.c++\\H010\\server\\node_modules\\express\\lib\\router\\layer.js:95:5)\n    at trim_prefix (D:\\Frist.c++\\H010\\server\\node_modules\\express\\lib\\router\\index.js:328:13)\n    at D:\\Frist.c++\\H010\\server\\node_modules\\express\\lib\\router\\index.js:286:9\n    at Function.process_params (D:\\Frist.c++\\H010\\server\\node_modules\\express\\lib\\router\\index.js:346:12)\n    at next (D:\\Frist.c++\\H010\\server\\node_modules\\express\\lib\\router\\index.js:280:10)\n    at Layer.handle [as handle_request] (D:\\Frist.c++\\H010\\server\\node_modules\\express\\lib\\router\\layer.js:91:12)\n    at trim_prefix (D:\\Frist.c++\\H010\\server\\node_modules\\express\\lib\\router\\index.js:328:13)\n    at D:\\Frist.c++\\H010\\server\\node_modules\\express\\lib\\router\\index.js:286:9\n    at Function.process_params (D:\\Frist.c++\\H010\\server\\node_modules\\express\\lib\\router\\index.js:346:12)"
}
2026-01-05 17:03:52 [[31MERROR[39M] 500 - Not Found - /favicon.ico - /favicon.ico - GET - 127.0.0.1 {
  "stack": "Error: Not Found - /favicon.ico\n    at notFound (D:\\Frist.c++\\H010\\server\\middleware\\errorHandler.js:92:19)\n    at Layer.handle [as handle_request] (D:\\Frist.c++\\H010\\server\\node_modules\\express\\lib\\router\\layer.js:95:5)\n    at trim_prefix (D:\\Frist.c++\\H010\\server\\node_modules\\express\\lib\\router\\index.js:328:13)\n    at D:\\Frist.c++\\H010\\server\\node_modules\\express\\lib\\router\\index.js:286:9\n    at Function.process_params (D:\\Frist.c++\\H010\\server\\node_modules\\express\\lib\\router\\index.js:346:12)\n    at next (D:\\Frist.c++\\H010\\server\\node_modules\\express\\lib\\router\\index.js:280:10)\n    at Layer.handle [as handle_request] (D:\\Frist.c++\\H010\\server\\node_modules\\express\\lib\\router\\layer.js:91:12)\n    at trim_prefix (D:\\Frist.c++\\H010\\server\\node_modules\\express\\lib\\router\\index.js:328:13)\n    at D:\\Frist.c++\\H010\\server\\node_modules\\express\\lib\\router\\index.js:286:9\n    at Function.process_params (D:\\Frist.c++\\H010\\server\\node_modules\\express\\lib\\router\\index.js:346:12)"
}
2026-01-05 17:04:10 [[31MERROR[39M] 500 - Not Found - /favicon.ico - /favicon.ico - GET - 127.0.0.1 {
  "stack": "Error: Not Found - /favicon.ico\n    at notFound (D:\\Frist.c++\\H010\\server\\middleware\\errorHandler.js:92:19)\n    at Layer.handle [as handle_request] (D:\\Frist.c++\\H010\\server\\node_modules\\express\\lib\\router\\layer.js:95:5)\n    at trim_prefix (D:\\Frist.c++\\H010\\server\\node_modules\\express\\lib\\router\\index.js:328:13)\n    at D:\\Frist.c++\\H010\\server\\node_modules\\express\\lib\\router\\index.js:286:9\n    at Function.process_params (D:\\Frist.c++\\H010\\server\\node_modules\\express\\lib\\router\\index.js:346:12)\n    at next (D:\\Frist.c++\\H010\\server\\node_modules\\express\\lib\\router\\index.js:280:10)\n    at Layer.handle [as handle_request] (D:\\Frist.c++\\H010\\server\\node_modules\\express\\lib\\router\\layer.js:91:12)\n    at trim_prefix (D:\\Frist.c++\\H010\\server\\node_modules\\express\\lib\\router\\index.js:328:13)\n    at D:\\Frist.c++\\H010\\server\\node_modules\\express\\lib\\router\\index.js:286:9\n    at Function.process_params (D:\\Frist.c++\\H010\\server\\node_modules\\express\\lib\\router\\index.js:346:12)"
}
2026-01-05 17:04:42 [[31MERROR[39M] 500 - Not Found - /favicon.ico - /favicon.ico - GET - 127.0.0.1 {
  "stack": "Error: Not Found - /favicon.ico\n    at notFound (D:\\Frist.c++\\H010\\server\\middleware\\errorHandler.js:92:19)\n    at Layer.handle [as handle_request] (D:\\Frist.c++\\H010\\server\\node_modules\\express\\lib\\router\\layer.js:95:5)\n    at trim_prefix (D:\\Frist.c++\\H010\\server\\node_modules\\express\\lib\\router\\index.js:328:13)\n    at D:\\Frist.c++\\H010\\server\\node_modules\\express\\lib\\router\\index.js:286:9\n    at Function.process_params (D:\\Frist.c++\\H010\\server\\node_modules\\express\\lib\\router\\index.js:346:12)\n    at next (D:\\Frist.c++\\H010\\server\\node_modules\\express\\lib\\router\\index.js:280:10)\n    at Layer.handle [as handle_request] (D:\\Frist.c++\\H010\\server\\node_modules\\express\\lib\\router\\layer.js:91:12)\n    at trim_prefix (D:\\Frist.c++\\H010\\server\\node_modules\\express\\lib\\router\\index.js:328:13)\n    at D:\\Frist.c++\\H010\\server\\node_modules\\express\\lib\\router\\index.js:286:9\n    at Function.process_params (D:\\Frist.c++\\H010\\server\\node_modules\\express\\lib\\router\\index.js:346:12)"
}
2026-01-05 17:04:57 [[31MERROR[39M] 500 - Not Found - /favicon.ico - /favicon.ico - GET - 127.0.0.1 {
  "stack": "Error: Not Found - /favicon.ico\n    at notFound (D:\\Frist.c++\\H010\\server\\middleware\\errorHandler.js:92:19)\n    at Layer.handle [as handle_request] (D:\\Frist.c++\\H010\\server\\node_modules\\express\\lib\\router\\layer.js:95:5)\n    at trim_prefix (D:\\Frist.c++\\H010\\server\\node_modules\\express\\lib\\router\\index.js:328:13)\n    at D:\\Frist.c++\\H010\\server\\node_modules\\express\\lib\\router\\index.js:286:9\n    at Function.process_params (D:\\Frist.c++\\H010\\server\\node_modules\\express\\lib\\router\\index.js:346:12)\n    at next (D:\\Frist.c++\\H010\\server\\node_modules\\express\\lib\\router\\index.js:280:10)\n    at Layer.handle [as handle_request] (D:\\Frist.c++\\H010\\server\\node_modules\\express\\lib\\router\\layer.js:91:12)\n    at trim_prefix (D:\\Frist.c++\\H010\\server\\node_modules\\express\\lib\\router\\index.js:328:13)\n    at D:\\Frist.c++\\H010\\server\\node_modules\\express\\lib\\router\\index.js:286:9\n    at Function.process_params (D:\\Frist.c++\\H010\\server\\node_modules\\express\\lib\\router\\index.js:346:12)"
}
2026-01-05 17:05:46 [[31MERROR[39M] 500 - Not Found - /api/v1/auth - /api/v1/auth - GET - 127.0.0.1 {
  "stack": "Error: Not Found - /api/v1/auth\n    at notFound (D:\\Frist.c++\\H010\\server\\middleware\\errorHandler.js:92:19)\n    at Layer.handle [as handle_request] (D:\\Frist.c++\\H010\\server\\node_modules\\express\\lib\\router\\layer.js:95:5)\n    at trim_prefix (D:\\Frist.c++\\H010\\server\\node_modules\\express\\lib\\router\\index.js:328:13)\n    at D:\\Frist.c++\\H010\\server\\node_modules\\express\\lib\\router\\index.js:286:9\n    at Function.process_params (D:\\Frist.c++\\H010\\server\\node_modules\\express\\lib\\router\\index.js:346:12)\n    at next (D:\\Frist.c++\\H010\\server\\node_modules\\express\\lib\\router\\index.js:280:10)\n    at Layer.handle [as handle_request] (D:\\Frist.c++\\H010\\server\\node_modules\\express\\lib\\router\\layer.js:91:12)\n    at trim_prefix (D:\\Frist.c++\\H010\\server\\node_modules\\express\\lib\\router\\index.js:328:13)\n    at D:\\Frist.c++\\H010\\server\\node_modules\\express\\lib\\router\\index.js:286:9\n    at Function.process_params (D:\\Frist.c++\\H010\\server\\node_modules\\express\\lib\\router\\index.js:346:12)"
}
2026-01-05 17:05:46 [[31MERROR[39M] 500 - Not Found - /favicon.ico - /favicon.ico - GET - 127.0.0.1 {
  "stack": "Error: Not Found - /favicon.ico\n    at notFound (D:\\Frist.c++\\H010\\server\\middleware\\errorHandler.js:92:19)\n    at Layer.handle [as handle_request] (D:\\Frist.c++\\H010\\server\\node_modules\\express\\lib\\router\\layer.js:95:5)\n    at trim_prefix (D:\\Frist.c++\\H010\\server\\node_modules\\express\\lib\\router\\index.js:328:13)\n    at D:\\Frist.c++\\H010\\server\\node_modules\\express\\lib\\router\\index.js:286:9\n    at Function.process_params (D:\\Frist.c++\\H010\\server\\node_modules\\express\\lib\\router\\index.js:346:12)\n    at next (D:\\Frist.c++\\H010\\server\\node_modules\\express\\lib\\router\\index.js:280:10)\n    at Layer.handle [as handle_request] (D:\\Frist.c++\\H010\\server\\node_modules\\express\\lib\\router\\layer.js:91:12)\n    at trim_prefix (D:\\Frist.c++\\H010\\server\\node_modules\\express\\lib\\router\\index.js:328:13)\n    at D:\\Frist.c++\\H010\\server\\node_modules\\express\\lib\\router\\index.js:286:9\n    at Function.process_params (D:\\Frist.c++\\H010\\server\\node_modules\\express\\lib\\router\\index.js:346:12)"
}
2026-01-05 17:16:55 [[31MERROR[39M] 500 - Not Found - /favicon.ico - /favicon.ico - GET - 127.0.0.1 {
  "stack": "Error: Not Found - /favicon.ico\n    at notFound (D:\\Frist.c++\\H010\\server\\middleware\\errorHandler.js:92:19)\n    at Layer.handle [as handle_request] (D:\\Frist.c++\\H010\\server\\node_modules\\express\\lib\\router\\layer.js:95:5)\n    at trim_prefix (D:\\Frist.c++\\H010\\server\\node_modules\\express\\lib\\router\\index.js:328:13)\n    at D:\\Frist.c++\\H010\\server\\node_modules\\express\\lib\\router\\index.js:286:9\n    at Function.process_params (D:\\Frist.c++\\H010\\server\\node_modules\\express\\lib\\router\\index.js:346:12)\n    at next (D:\\Frist.c++\\H010\\server\\node_modules\\express\\lib\\router\\index.js:280:10)\n    at Layer.handle [as handle_request] (D:\\Frist.c++\\H010\\server\\node_modules\\express\\lib\\router\\layer.js:91:12)\n    at trim_prefix (D:\\Frist.c++\\H010\\server\\node_modules\\express\\lib\\router\\index.js:328:13)\n    at D:\\Frist.c++\\H010\\server\\node_modules\\express\\lib\\router\\index.js:286:9\n    at Function.process_params (D:\\Frist.c++\\H010\\server\\node_modules\\express\\lib\\router\\index.js:346:12)"
}
2026-01-05 17:19:05 [[31MERROR[39M] 500 - Not Found - /favicon.ico - /favicon.ico - GET - 127.0.0.1 {
  "stack": "Error: Not Found - /favicon.ico\n    at notFound (D:\\Frist.c++\\H010\\server\\middleware\\errorHandler.js:92:19)\n    at Layer.handle [as handle_request] (D:\\Frist.c++\\H010\\server\\node_modules\\express\\lib\\router\\layer.js:95:5)\n    at trim_prefix (D:\\Frist.c++\\H010\\server\\node_modules\\express\\lib\\router\\index.js:328:13)\n    at D:\\Frist.c++\\H010\\server\\node_modules\\express\\lib\\router\\index.js:286:9\n    at Function.process_params (D:\\Frist.c++\\H010\\server\\node_modules\\express\\lib\\router\\index.js:346:12)\n    at next (D:\\Frist.c++\\H010\\server\\node_modules\\express\\lib\\router\\index.js:280:10)\n    at Layer.handle [as handle_request] (D:\\Frist.c++\\H010\\server\\node_modules\\express\\lib\\router\\layer.js:91:12)\n    at trim_prefix (D:\\Frist.c++\\H010\\server\\node_modules\\express\\lib\\router\\index.js:328:13)\n    at D:\\Frist.c++\\H010\\server\\node_modules\\express\\lib\\router\\index.js:286:9\n    at Function.process_params (D:\\Frist.c++\\H010\\server\\node_modules\\express\\lib\\router\\index.js:346:12)"
}
2026-01-05 17:21:37 [[31MERROR[39M] 500 - Not Found - /favicon.ico - /favicon.ico - GET - 127.0.0.1 {
  "stack": "Error: Not Found - /favicon.ico\n    at notFound (D:\\Frist.c++\\H010\\server\\middleware\\errorHandler.js:92:19)\n    at Layer.handle [as handle_request] (D:\\Frist.c++\\H010\\server\\node_modules\\express\\lib\\router\\layer.js:95:5)\n    at trim_prefix (D:\\Frist.c++\\H010\\server\\node_modules\\express\\lib\\router\\index.js:328:13)\n    at D:\\Frist.c++\\H010\\server\\node_modules\\express\\lib\\router\\index.js:286:9\n    at Function.process_params (D:\\Frist.c++\\H010\\server\\node_modules\\express\\lib\\router\\index.js:346:12)\n    at next (D:\\Frist.c++\\H010\\server\\node_modules\\express\\lib\\router\\index.js:280:10)\n    at Layer.handle [as handle_request] (D:\\Frist.c++\\H010\\server\\node_modules\\express\\lib\\router\\layer.js:91:12)\n    at trim_prefix (D:\\Frist.c++\\H010\\server\\node_modules\\express\\lib\\router\\index.js:328:13)\n    at D:\\Frist.c++\\H010\\server\\node_modules\\express\\lib\\router\\index.js:286:9\n    at Function.process_params (D:\\Frist.c++\\H010\\server\\node_modules\\express\\lib\\router\\index.js:346:12)"
}
2026-01-05 17:53:51 [[31MERROR[39M] Error sending contact email: Invalid login: 535-5.7.8 Username and Password not accepted. For more information, go to
535 5.7.8  https://support.google.com/mail/?p=BadCredentials ffacd0b85a97d-432bca53216sm225418f8f.23 - gsmtp {
  "code": "EAUTH",
  "response": "535-5.7.8 Username and Password not accepted. For more information, go to\n535 5.7.8  https://support.google.com/mail/?p=BadCredentials ffacd0b85a97d-432bca53216sm225418f8f.23 - gsmtp",
  "responseCode": 535,
  "command": "AUTH PLAIN",
  "stack": "Error: Invalid login: 535-5.7.8 Username and Password not accepted. For more information, go to\n535 5.7.8  https://support.google.com/mail/?p=BadCredentials ffacd0b85a97d-432bca53216sm225418f8f.23 - gsmtp\n    at SMTPConnection._formatError (D:\\Frist.c++\\H010\\server\\node_modules\\nodemailer\\lib\\smtp-connection\\index.js:809:19)\n    at SMTPConnection._actionAUTHComplete (D:\\Frist.c++\\H010\\server\\node_modules\\nodemailer\\lib\\smtp-connection\\index.js:1588:34)\n    at SMTPConnection.<anonymous> (D:\\Frist.c++\\H010\\server\\node_modules\\nodemailer\\lib\\smtp-connection\\index.js:556:26)\n    at SMTPConnection._processResponse (D:\\Frist.c++\\H010\\server\\node_modules\\nodemailer\\lib\\smtp-connection\\index.js:993:20)\n    at SMTPConnection._onData (D:\\Frist.c++\\H010\\server\\node_modules\\nodemailer\\lib\\smtp-connection\\index.js:774:14)\n    at SMTPConnection._onSocketData (D:\\Frist.c++\\H010\\server\\node_modules\\nodemailer\\lib\\smtp-connection\\index.js:195:44)\n    at TLSSocket.emit (node:events:518:28)\n    at addChunk (node:internal/streams/readable:561:12)\n    at readableAddChunkPushByteMode (node:internal/streams/readable:512:3)\n    at Readable.push (node:internal/streams/readable:392:5)"
}
2026-01-05 17:55:44 [[31MERROR[39M] Error sending contact email: Invalid login: 535-5.7.8 Username and Password not accepted. For more information, go to
535 5.7.8  https://support.google.com/mail/?p=BadCredentials ffacd0b85a97d-432bca278f1sm278613f8f.1 - gsmtp {
  "code": "EAUTH",
  "response": "535-5.7.8 Username and Password not accepted. For more information, go to\n535 5.7.8  https://support.google.com/mail/?p=BadCredentials ffacd0b85a97d-432bca278f1sm278613f8f.1 - gsmtp",
  "responseCode": 535,
  "command": "AUTH PLAIN",
  "stack": "Error: Invalid login: 535-5.7.8 Username and Password not accepted. For more information, go to\n535 5.7.8  https://support.google.com/mail/?p=BadCredentials ffacd0b85a97d-432bca278f1sm278613f8f.1 - gsmtp\n    at SMTPConnection._formatError (D:\\Frist.c++\\H010\\server\\node_modules\\nodemailer\\lib\\smtp-connection\\index.js:809:19)\n    at SMTPConnection._actionAUTHComplete (D:\\Frist.c++\\H010\\server\\node_modules\\nodemailer\\lib\\smtp-connection\\index.js:1588:34)\n    at SMTPConnection.<anonymous> (D:\\Frist.c++\\H010\\server\\node_modules\\nodemailer\\lib\\smtp-connection\\index.js:556:26)\n    at SMTPConnection._processResponse (D:\\Frist.c++\\H010\\server\\node_modules\\nodemailer\\lib\\smtp-connection\\index.js:993:20)\n    at SMTPConnection._onData (D:\\Frist.c++\\H010\\server\\node_modules\\nodemailer\\lib\\smtp-connection\\index.js:774:14)\n    at SMTPConnection._onSocketData (D:\\Frist.c++\\H010\\server\\node_modules\\nodemailer\\lib\\smtp-connection\\index.js:195:44)\n    at TLSSocket.emit (node:events:518:28)\n    at addChunk (node:internal/streams/readable:561:12)\n    at readableAddChunkPushByteMode (node:internal/streams/readable:512:3)\n    at Readable.push (node:internal/streams/readable:392:5)"
}
2026-01-05 17:59:40 [[31MERROR[39M] 500 - Not Found - /api/v1/applications - /api/v1/applications - GET - 127.0.0.1 {
  "stack": "Error: Not Found - /api/v1/applications\n    at notFound (D:\\Frist.c++\\H010\\server\\middleware\\errorHandler.js:92:19)\n    at Layer.handle [as handle_request] (D:\\Frist.c++\\H010\\server\\node_modules\\express\\lib\\router\\layer.js:95:5)\n    at trim_prefix (D:\\Frist.c++\\H010\\server\\node_modules\\express\\lib\\router\\index.js:328:13)\n    at D:\\Frist.c++\\H010\\server\\node_modules\\express\\lib\\router\\index.js:286:9\n    at Function.process_params (D:\\Frist.c++\\H010\\server\\node_modules\\express\\lib\\router\\index.js:346:12)\n    at next (D:\\Frist.c++\\H010\\server\\node_modules\\express\\lib\\router\\index.js:280:10)\n    at Layer.handle [as handle_request] (D:\\Frist.c++\\H010\\server\\node_modules\\express\\lib\\router\\layer.js:91:12)\n    at trim_prefix (D:\\Frist.c++\\H010\\server\\node_modules\\express\\lib\\router\\index.js:328:13)\n    at D:\\Frist.c++\\H010\\server\\node_modules\\express\\lib\\router\\index.js:286:9\n    at Function.process_params (D:\\Frist.c++\\H010\\server\\node_modules\\express\\lib\\router\\index.js:346:12)"
}
2026-01-05 17:59:40 [[31MERROR[39M] 500 - Not Found - /favicon.ico - /favicon.ico - GET - 127.0.0.1 {
  "stack": "Error: Not Found - /favicon.ico\n    at notFound (D:\\Frist.c++\\H010\\server\\middleware\\errorHandler.js:92:19)\n    at Layer.handle [as handle_request] (D:\\Frist.c++\\H010\\server\\node_modules\\express\\lib\\router\\layer.js:95:5)\n    at trim_prefix (D:\\Frist.c++\\H010\\server\\node_modules\\express\\lib\\router\\index.js:328:13)\n    at D:\\Frist.c++\\H010\\server\\node_modules\\express\\lib\\router\\index.js:286:9\n    at Function.process_params (D:\\Frist.c++\\H010\\server\\node_modules\\express\\lib\\router\\index.js:346:12)\n    at next (D:\\Frist.c++\\H010\\server\\node_modules\\express\\lib\\router\\index.js:280:10)\n    at Layer.handle [as handle_request] (D:\\Frist.c++\\H010\\server\\node_modules\\express\\lib\\router\\layer.js:91:12)\n    at trim_prefix (D:\\Frist.c++\\H010\\server\\node_modules\\express\\lib\\router\\index.js:328:13)\n    at D:\\Frist.c++\\H010\\server\\node_modules\\express\\lib\\router\\index.js:286:9\n    at Function.process_params (D:\\Frist.c++\\H010\\server\\node_modules\\express\\lib\\router\\index.js:346:12)"
}
2026-01-05 18:01:55 [[31MERROR[39M] 500 - Not Found - /api/v1/applications - /api/v1/applications - GET - 127.0.0.1 {
  "stack": "Error: Not Found - /api/v1/applications\n    at notFound (D:\\Frist.c++\\H010\\server\\middleware\\errorHandler.js:99:19)\n    at Layer.handle [as handle_request] (D:\\Frist.c++\\H010\\server\\node_modules\\express\\lib\\router\\layer.js:95:5)\n    at trim_prefix (D:\\Frist.c++\\H010\\server\\node_modules\\express\\lib\\router\\index.js:328:13)\n    at D:\\Frist.c++\\H010\\server\\node_modules\\express\\lib\\router\\index.js:286:9\n    at Function.process_params (D:\\Frist.c++\\H010\\server\\node_modules\\express\\lib\\router\\index.js:346:12)\n    at next (D:\\Frist.c++\\H010\\server\\node_modules\\express\\lib\\router\\index.js:280:10)\n    at Layer.handle [as handle_request] (D:\\Frist.c++\\H010\\server\\node_modules\\express\\lib\\router\\layer.js:91:12)\n    at trim_prefix (D:\\Frist.c++\\H010\\server\\node_modules\\express\\lib\\router\\index.js:328:13)\n    at D:\\Frist.c++\\H010\\server\\node_modules\\express\\lib\\router\\index.js:286:9\n    at Function.process_params (D:\\Frist.c++\\H010\\server\\node_modules\\express\\lib\\router\\index.js:346:12)"
}
2026-01-05 18:01:55 [[31MERROR[39M] 500 - Not Found - /favicon.ico - /favicon.ico - GET - 127.0.0.1 {
  "stack": "Error: Not Found - /favicon.ico\n    at notFound (D:\\Frist.c++\\H010\\server\\middleware\\errorHandler.js:99:19)\n    at Layer.handle [as handle_request] (D:\\Frist.c++\\H010\\server\\node_modules\\express\\lib\\router\\layer.js:95:5)\n    at trim_prefix (D:\\Frist.c++\\H010\\server\\node_modules\\express\\lib\\router\\index.js:328:13)\n    at D:\\Frist.c++\\H010\\server\\node_modules\\express\\lib\\router\\index.js:286:9\n    at Function.process_params (D:\\Frist.c++\\H010\\server\\node_modules\\express\\lib\\router\\index.js:346:12)\n    at next (D:\\Frist.c++\\H010\\server\\node_modules\\express\\lib\\router\\index.js:280:10)\n    at Layer.handle [as handle_request] (D:\\Frist.c++\\H010\\server\\node_modules\\express\\lib\\router\\layer.js:91:12)\n    at trim_prefix (D:\\Frist.c++\\H010\\server\\node_modules\\express\\lib\\router\\index.js:328:13)\n    at D:\\Frist.c++\\H010\\server\\node_modules\\express\\lib\\router\\index.js:286:9\n    at Function.process_params (D:\\Frist.c++\\H010\\server\\node_modules\\express\\lib\\router\\index.js:346:12)"
}
2026-01-05 18:02:00 [[31MERROR[39M] 500 - Not Found - /favicon.ico - /favicon.ico - GET - 127.0.0.1 {
  "stack": "Error: Not Found - /favicon.ico\n    at notFound (D:\\Frist.c++\\H010\\server\\middleware\\errorHandler.js:99:19)\n    at Layer.handle [as handle_request] (D:\\Frist.c++\\H010\\server\\node_modules\\express\\lib\\router\\layer.js:95:5)\n    at trim_prefix (D:\\Frist.c++\\H010\\server\\node_modules\\express\\lib\\router\\index.js:328:13)\n    at D:\\Frist.c++\\H010\\server\\node_modules\\express\\lib\\router\\index.js:286:9\n    at Function.process_params (D:\\Frist.c++\\H010\\server\\node_modules\\express\\lib\\router\\index.js:346:12)\n    at next (D:\\Frist.c++\\H010\\server\\node_modules\\express\\lib\\router\\index.js:280:10)\n    at Layer.handle [as handle_request] (D:\\Frist.c++\\H010\\server\\node_modules\\express\\lib\\router\\layer.js:91:12)\n    at trim_prefix (D:\\Frist.c++\\H010\\server\\node_modules\\express\\lib\\router\\index.js:328:13)\n    at D:\\Frist.c++\\H010\\server\\node_modules\\express\\lib\\router\\index.js:286:9\n    at Function.process_params (D:\\Frist.c++\\H010\\server\\node_modules\\express\\lib\\router\\index.js:346:12)"
}
2026-01-05 18:02:24 [[31MERROR[39M] 500 - Not Found - /api/v1/admin - /api/v1/admin - GET - 127.0.0.1 {
  "stack": "Error: Not Found - /api/v1/admin\n    at notFound (D:\\Frist.c++\\H010\\server\\middleware\\errorHandler.js:99:19)\n    at Layer.handle [as handle_request] (D:\\Frist.c++\\H010\\server\\node_modules\\express\\lib\\router\\layer.js:95:5)\n    at trim_prefix (D:\\Frist.c++\\H010\\server\\node_modules\\express\\lib\\router\\index.js:328:13)\n    at D:\\Frist.c++\\H010\\server\\node_modules\\express\\lib\\router\\index.js:286:9\n    at Function.process_params (D:\\Frist.c++\\H010\\server\\node_modules\\express\\lib\\router\\index.js:346:12)\n    at next (D:\\Frist.c++\\H010\\server\\node_modules\\express\\lib\\router\\index.js:280:10)\n    at Layer.handle [as handle_request] (D:\\Frist.c++\\H010\\server\\node_modules\\express\\lib\\router\\layer.js:91:12)\n    at trim_prefix (D:\\Frist.c++\\H010\\server\\node_modules\\express\\lib\\router\\index.js:328:13)\n    at D:\\Frist.c++\\H010\\server\\node_modules\\express\\lib\\router\\index.js:286:9\n    at Function.process_params (D:\\Frist.c++\\H010\\server\\node_modules\\express\\lib\\router\\index.js:346:12)"
}
2026-01-05 18:02:24 [[31MERROR[39M] 500 - Not Found - /favicon.ico - /favicon.ico - GET - 127.0.0.1 {
  "stack": "Error: Not Found - /favicon.ico\n    at notFound (D:\\Frist.c++\\H010\\server\\middleware\\errorHandler.js:99:19)\n    at Layer.handle [as handle_request] (D:\\Frist.c++\\H010\\server\\node_modules\\express\\lib\\router\\layer.js:95:5)\n    at trim_prefix (D:\\Frist.c++\\H010\\server\\node_modules\\express\\lib\\router\\index.js:328:13)\n    at D:\\Frist.c++\\H010\\server\\node_modules\\express\\lib\\router\\index.js:286:9\n    at Function.process_params (D:\\Frist.c++\\H010\\server\\node_modules\\express\\lib\\router\\index.js:346:12)\n    at next (D:\\Frist.c++\\H010\\server\\node_modules\\express\\lib\\router\\index.js:280:10)\n    at Layer.handle [as handle_request] (D:\\Frist.c++\\H010\\server\\node_modules\\express\\lib\\router\\layer.js:91:12)\n    at trim_prefix (D:\\Frist.c++\\H010\\server\\node_modules\\express\\lib\\router\\index.js:328:13)\n    at D:\\Frist.c++\\H010\\server\\node_modules\\express\\lib\\router\\index.js:286:9\n    at Function.process_params (D:\\Frist.c++\\H010\\server\\node_modules\\express\\lib\\router\\index.js:346:12)"
}
2026-01-05 18:03:46 [[31MERROR[39M] 500 - Not Found - /api/v1/admin - /api/v1/admin - GET - 127.0.0.1 {
  "stack": "Error: Not Found - /api/v1/admin\n    at notFound (D:\\Frist.c++\\H010\\server\\middleware\\errorHandler.js:99:19)\n    at Layer.handle [as handle_request] (D:\\Frist.c++\\H010\\server\\node_modules\\express\\lib\\router\\layer.js:95:5)\n    at trim_prefix (D:\\Frist.c++\\H010\\server\\node_modules\\express\\lib\\router\\index.js:328:13)\n    at D:\\Frist.c++\\H010\\server\\node_modules\\express\\lib\\router\\index.js:286:9\n    at Function.process_params (D:\\Frist.c++\\H010\\server\\node_modules\\express\\lib\\router\\index.js:346:12)\n    at next (D:\\Frist.c++\\H010\\server\\node_modules\\express\\lib\\router\\index.js:280:10)\n    at Layer.handle [as handle_request] (D:\\Frist.c++\\H010\\server\\node_modules\\express\\lib\\router\\layer.js:91:12)\n    at trim_prefix (D:\\Frist.c++\\H010\\server\\node_modules\\express\\lib\\router\\index.js:328:13)\n    at D:\\Frist.c++\\H010\\server\\node_modules\\express\\lib\\router\\index.js:286:9\n    at Function.process_params (D:\\Frist.c++\\H010\\server\\node_modules\\express\\lib\\router\\index.js:346:12)"
}
2026-01-05 18:03:46 [[31MERROR[39M] 500 - Not Found - /favicon.ico - /favicon.ico - GET - 127.0.0.1 {
  "stack": "Error: Not Found - /favicon.ico\n    at notFound (D:\\Frist.c++\\H010\\server\\middleware\\errorHandler.js:99:19)\n    at Layer.handle [as handle_request] (D:\\Frist.c++\\H010\\server\\node_modules\\express\\lib\\router\\layer.js:95:5)\n    at trim_prefix (D:\\Frist.c++\\H010\\server\\node_modules\\express\\lib\\router\\index.js:328:13)\n    at D:\\Frist.c++\\H010\\server\\node_modules\\express\\lib\\router\\index.js:286:9\n    at Function.process_params (D:\\Frist.c++\\H010\\server\\node_modules\\express\\lib\\router\\index.js:346:12)\n    at next (D:\\Frist.c++\\H010\\server\\node_modules\\express\\lib\\router\\index.js:280:10)\n    at Layer.handle [as handle_request] (D:\\Frist.c++\\H010\\server\\node_modules\\express\\lib\\router\\layer.js:91:12)\n    at trim_prefix (D:\\Frist.c++\\H010\\server\\node_modules\\express\\lib\\router\\index.js:328:13)\n    at D:\\Frist.c++\\H010\\server\\node_modules\\express\\lib\\router\\index.js:286:9\n    at Function.process_params (D:\\Frist.c++\\H010\\server\\node_modules\\express\\lib\\router\\index.js:346:12)"
}
2026-01-05 18:03:52 [[31MERROR[39M] 500 - Not Found - /favicon.ico - /favicon.ico - GET - 127.0.0.1 {
  "stack": "Error: Not Found - /favicon.ico\n    at notFound (D:\\Frist.c++\\H010\\server\\middleware\\errorHandler.js:99:19)\n    at Layer.handle [as handle_request] (D:\\Frist.c++\\H010\\server\\node_modules\\express\\lib\\router\\layer.js:95:5)\n    at trim_prefix (D:\\Frist.c++\\H010\\server\\node_modules\\express\\lib\\router\\index.js:328:13)\n    at D:\\Frist.c++\\H010\\server\\node_modules\\express\\lib\\router\\index.js:286:9\n    at Function.process_params (D:\\Frist.c++\\H010\\server\\node_modules\\express\\lib\\router\\index.js:346:12)\n    at next (D:\\Frist.c++\\H010\\server\\node_modules\\express\\lib\\router\\index.js:280:10)\n    at Layer.handle [as handle_request] (D:\\Frist.c++\\H010\\server\\node_modules\\express\\lib\\router\\layer.js:91:12)\n    at trim_prefix (D:\\Frist.c++\\H010\\server\\node_modules\\express\\lib\\router\\index.js:328:13)\n    at D:\\Frist.c++\\H010\\server\\node_modules\\express\\lib\\router\\index.js:286:9\n    at Function.process_params (D:\\Frist.c++\\H010\\server\\node_modules\\express\\lib\\router\\index.js:346:12)"
}
2026-01-05 18:04:19 [[31MERROR[39M] 500 - Not Found - /api/v1/admin - /api/v1/admin - GET - 127.0.0.1 {
  "stack": "Error: Not Found - /api/v1/admin\n    at notFound (D:\\Frist.c++\\H010\\server\\middleware\\errorHandler.js:99:19)\n    at Layer.handle [as handle_request] (D:\\Frist.c++\\H010\\server\\node_modules\\express\\lib\\router\\layer.js:95:5)\n    at trim_prefix (D:\\Frist.c++\\H010\\server\\node_modules\\express\\lib\\router\\index.js:328:13)\n    at D:\\Frist.c++\\H010\\server\\node_modules\\express\\lib\\router\\index.js:286:9\n    at Function.process_params (D:\\Frist.c++\\H010\\server\\node_modules\\express\\lib\\router\\index.js:346:12)\n    at next (D:\\Frist.c++\\H010\\server\\node_modules\\express\\lib\\router\\index.js:280:10)\n    at Layer.handle [as handle_request] (D:\\Frist.c++\\H010\\server\\node_modules\\express\\lib\\router\\layer.js:91:12)\n    at trim_prefix (D:\\Frist.c++\\H010\\server\\node_modules\\express\\lib\\router\\index.js:328:13)\n    at D:\\Frist.c++\\H010\\server\\node_modules\\express\\lib\\router\\index.js:286:9\n    at Function.process_params (D:\\Frist.c++\\H010\\server\\node_modules\\express\\lib\\router\\index.js:346:12)"
}
2026-01-05 18:04:20 [[31MERROR[39M] 500 - Not Found - /favicon.ico - /favicon.ico - GET - 127.0.0.1 {
  "stack": "Error: Not Found - /favicon.ico\n    at notFound (D:\\Frist.c++\\H010\\server\\middleware\\errorHandler.js:99:19)\n    at Layer.handle [as handle_request] (D:\\Frist.c++\\H010\\server\\node_modules\\express\\lib\\router\\layer.js:95:5)\n    at trim_prefix (D:\\Frist.c++\\H010\\server\\node_modules\\express\\lib\\router\\index.js:328:13)\n    at D:\\Frist.c++\\H010\\server\\node_modules\\express\\lib\\router\\index.js:286:9\n    at Function.process_params (D:\\Frist.c++\\H010\\server\\node_modules\\express\\lib\\router\\index.js:346:12)\n    at next (D:\\Frist.c++\\H010\\server\\node_modules\\express\\lib\\router\\index.js:280:10)\n    at Layer.handle [as handle_request] (D:\\Frist.c++\\H010\\server\\node_modules\\express\\lib\\router\\layer.js:91:12)\n    at trim_prefix (D:\\Frist.c++\\H010\\server\\node_modules\\express\\lib\\router\\index.js:328:13)\n    at D:\\Frist.c++\\H010\\server\\node_modules\\express\\lib\\router\\index.js:286:9\n    at Function.process_params (D:\\Frist.c++\\H010\\server\\node_modules\\express\\lib\\router\\index.js:346:12)"
}
2026-01-05 18:04:37 [[31MERROR[39M] 500 - Not Found - /favicon.ico - /favicon.ico - GET - 127.0.0.1 {
  "stack": "Error: Not Found - /favicon.ico\n    at notFound (D:\\Frist.c++\\H010\\server\\middleware\\errorHandler.js:99:19)\n    at Layer.handle [as handle_request] (D:\\Frist.c++\\H010\\server\\node_modules\\express\\lib\\router\\layer.js:95:5)\n    at trim_prefix (D:\\Frist.c++\\H010\\server\\node_modules\\express\\lib\\router\\index.js:328:13)\n    at D:\\Frist.c++\\H010\\server\\node_modules\\express\\lib\\router\\index.js:286:9\n    at Function.process_params (D:\\Frist.c++\\H010\\server\\node_modules\\express\\lib\\router\\index.js:346:12)\n    at next (D:\\Frist.c++\\H010\\server\\node_modules\\express\\lib\\router\\index.js:280:10)\n    at Layer.handle [as handle_request] (D:\\Frist.c++\\H010\\server\\node_modules\\express\\lib\\router\\layer.js:91:12)\n    at trim_prefix (D:\\Frist.c++\\H010\\server\\node_modules\\express\\lib\\router\\index.js:328:13)\n    at D:\\Frist.c++\\H010\\server\\node_modules\\express\\lib\\router\\index.js:286:9\n    at Function.process_params (D:\\Frist.c++\\H010\\server\\node_modules\\express\\lib\\router\\index.js:346:12)"
}
2026-01-05 18:04:51 [[31MERROR[39M] 500 - Not Found - /favicon.ico - /favicon.ico - GET - 127.0.0.1 {
  "stack": "Error: Not Found - /favicon.ico\n    at notFound (D:\\Frist.c++\\H010\\server\\middleware\\errorHandler.js:99:19)\n    at Layer.handle [as handle_request] (D:\\Frist.c++\\H010\\server\\node_modules\\express\\lib\\router\\layer.js:95:5)\n    at trim_prefix (D:\\Frist.c++\\H010\\server\\node_modules\\express\\lib\\router\\index.js:328:13)\n    at D:\\Frist.c++\\H010\\server\\node_modules\\express\\lib\\router\\index.js:286:9\n    at Function.process_params (D:\\Frist.c++\\H010\\server\\node_modules\\express\\lib\\router\\index.js:346:12)\n    at next (D:\\Frist.c++\\H010\\server\\node_modules\\express\\lib\\router\\index.js:280:10)\n    at Layer.handle [as handle_request] (D:\\Frist.c++\\H010\\server\\node_modules\\express\\lib\\router\\layer.js:91:12)\n    at trim_prefix (D:\\Frist.c++\\H010\\server\\node_modules\\express\\lib\\router\\index.js:328:13)\n    at D:\\Frist.c++\\H010\\server\\node_modules\\express\\lib\\router\\index.js:286:9\n    at Function.process_params (D:\\Frist.c++\\H010\\server\\node_modules\\express\\lib\\router\\index.js:346:12)"
}
2026-01-05 18:05:16 [[31MERROR[39M] 500 - Not Found - /api/v1/auth/admin - /api/v1/auth/admin - GET - 127.0.0.1 {
  "stack": "Error: Not Found - /api/v1/auth/admin\n    at notFound (D:\\Frist.c++\\H010\\server\\middleware\\errorHandler.js:99:19)\n    at Layer.handle [as handle_request] (D:\\Frist.c++\\H010\\server\\node_modules\\express\\lib\\router\\layer.js:95:5)\n    at trim_prefix (D:\\Frist.c++\\H010\\server\\node_modules\\express\\lib\\router\\index.js:328:13)\n    at D:\\Frist.c++\\H010\\server\\node_modules\\express\\lib\\router\\index.js:286:9\n    at Function.process_params (D:\\Frist.c++\\H010\\server\\node_modules\\express\\lib\\router\\index.js:346:12)\n    at next (D:\\Frist.c++\\H010\\server\\node_modules\\express\\lib\\router\\index.js:280:10)\n    at Layer.handle [as handle_request] (D:\\Frist.c++\\H010\\server\\node_modules\\express\\lib\\router\\layer.js:91:12)\n    at trim_prefix (D:\\Frist.c++\\H010\\server\\node_modules\\express\\lib\\router\\index.js:328:13)\n    at D:\\Frist.c++\\H010\\server\\node_modules\\express\\lib\\router\\index.js:286:9\n    at Function.process_params (D:\\Frist.c++\\H010\\server\\node_modules\\express\\lib\\router\\index.js:346:12)"
}
2026-01-05 18:05:16 [[31MERROR[39M] 500 - Not Found - /favicon.ico - /favicon.ico - GET - 127.0.0.1 {
  "stack": "Error: Not Found - /favicon.ico\n    at notFound (D:\\Frist.c++\\H010\\server\\middleware\\errorHandler.js:99:19)\n    at Layer.handle [as handle_request] (D:\\Frist.c++\\H010\\server\\node_modules\\express\\lib\\router\\layer.js:95:5)\n    at trim_prefix (D:\\Frist.c++\\H010\\server\\node_modules\\express\\lib\\router\\index.js:328:13)\n    at D:\\Frist.c++\\H010\\server\\node_modules\\express\\lib\\router\\index.js:286:9\n    at Function.process_params (D:\\Frist.c++\\H010\\server\\node_modules\\express\\lib\\router\\index.js:346:12)\n    at next (D:\\Frist.c++\\H010\\server\\node_modules\\express\\lib\\router\\index.js:280:10)\n    at Layer.handle [as handle_request] (D:\\Frist.c++\\H010\\server\\node_modules\\express\\lib\\router\\layer.js:91:12)\n    at trim_prefix (D:\\Frist.c++\\H010\\server\\node_modules\\express\\lib\\router\\index.js:328:13)\n    at D:\\Frist.c++\\H010\\server\\node_modules\\express\\lib\\router\\index.js:286:9\n    at Function.process_params (D:\\Frist.c++\\H010\\server\\node_modules\\express\\lib\\router\\index.js:346:12)"
}
2026-01-05 18:05:54 [[31MERROR[39M] 500 - Not Found - /favicon.ico - /favicon.ico - GET - 127.0.0.1 {
  "stack": "Error: Not Found - /favicon.ico\n    at notFound (D:\\Frist.c++\\H010\\server\\middleware\\errorHandler.js:99:19)\n    at Layer.handle [as handle_request] (D:\\Frist.c++\\H010\\server\\node_modules\\express\\lib\\router\\layer.js:95:5)\n    at trim_prefix (D:\\Frist.c++\\H010\\server\\node_modules\\express\\lib\\router\\index.js:328:13)\n    at D:\\Frist.c++\\H010\\server\\node_modules\\express\\lib\\router\\index.js:286:9\n    at Function.process_params (D:\\Frist.c++\\H010\\server\\node_modules\\express\\lib\\router\\index.js:346:12)\n    at next (D:\\Frist.c++\\H010\\server\\node_modules\\express\\lib\\router\\index.js:280:10)\n    at Layer.handle [as handle_request] (D:\\Frist.c++\\H010\\server\\node_modules\\express\\lib\\router\\layer.js:91:12)\n    at trim_prefix (D:\\Frist.c++\\H010\\server\\node_modules\\express\\lib\\router\\index.js:328:13)\n    at D:\\Frist.c++\\H010\\server\\node_modules\\express\\lib\\router\\index.js:286:9\n    at Function.process_params (D:\\Frist.c++\\H010\\server\\node_modules\\express\\lib\\router\\index.js:346:12)"
}
2026-01-05 18:05:56 [[31MERROR[39M] 500 - Not Found - /favicon.ico - /favicon.ico - GET - 127.0.0.1 {
  "stack": "Error: Not Found - /favicon.ico\n    at notFound (D:\\Frist.c++\\H010\\server\\middleware\\errorHandler.js:99:19)\n    at Layer.handle [as handle_request] (D:\\Frist.c++\\H010\\server\\node_modules\\express\\lib\\router\\layer.js:95:5)\n    at trim_prefix (D:\\Frist.c++\\H010\\server\\node_modules\\express\\lib\\router\\index.js:328:13)\n    at D:\\Frist.c++\\H010\\server\\node_modules\\express\\lib\\router\\index.js:286:9\n    at Function.process_params (D:\\Frist.c++\\H010\\server\\node_modules\\express\\lib\\router\\index.js:346:12)\n    at next (D:\\Frist.c++\\H010\\server\\node_modules\\express\\lib\\router\\index.js:280:10)\n    at Layer.handle [as handle_request] (D:\\Frist.c++\\H010\\server\\node_modules\\express\\lib\\router\\layer.js:91:12)\n    at trim_prefix (D:\\Frist.c++\\H010\\server\\node_modules\\express\\lib\\router\\index.js:328:13)\n    at D:\\Frist.c++\\H010\\server\\node_modules\\express\\lib\\router\\index.js:286:9\n    at Function.process_params (D:\\Frist.c++\\H010\\server\\node_modules\\express\\lib\\router\\index.js:346:12)"
}
2026-01-05 18:06:05 [[31MERROR[39M] 500 - Not Found - /favicon.ico - /favicon.ico - GET - 127.0.0.1 {
  "stack": "Error: Not Found - /favicon.ico\n    at notFound (D:\\Frist.c++\\H010\\server\\middleware\\errorHandler.js:99:19)\n    at Layer.handle [as handle_request] (D:\\Frist.c++\\H010\\server\\node_modules\\express\\lib\\router\\layer.js:95:5)\n    at trim_prefix (D:\\Frist.c++\\H010\\server\\node_modules\\express\\lib\\router\\index.js:328:13)\n    at D:\\Frist.c++\\H010\\server\\node_modules\\express\\lib\\router\\index.js:286:9\n    at Function.process_params (D:\\Frist.c++\\H010\\server\\node_modules\\express\\lib\\router\\index.js:346:12)\n    at next (D:\\Frist.c++\\H010\\server\\node_modules\\express\\lib\\router\\index.js:280:10)\n    at Layer.handle [as handle_request] (D:\\Frist.c++\\H010\\server\\node_modules\\express\\lib\\router\\layer.js:91:12)\n    at trim_prefix (D:\\Frist.c++\\H010\\server\\node_modules\\express\\lib\\router\\index.js:328:13)\n    at D:\\Frist.c++\\H010\\server\\node_modules\\express\\lib\\router\\index.js:286:9\n    at Function.process_params (D:\\Frist.c++\\H010\\server\\node_modules\\express\\lib\\router\\index.js:346:12)"
}
2026-01-05 18:06:31 [[31MERROR[39M] 500 - Not Found - /api/v1/auth - /api/v1/auth - GET - 127.0.0.1 {
  "stack": "Error: Not Found - /api/v1/auth\n    at notFound (D:\\Frist.c++\\H010\\server\\middleware\\errorHandler.js:99:19)\n    at Layer.handle [as handle_request] (D:\\Frist.c++\\H010\\server\\node_modules\\express\\lib\\router\\layer.js:95:5)\n    at trim_prefix (D:\\Frist.c++\\H010\\server\\node_modules\\express\\lib\\router\\index.js:328:13)\n    at D:\\Frist.c++\\H010\\server\\node_modules\\express\\lib\\router\\index.js:286:9\n    at Function.process_params (D:\\Frist.c++\\H010\\server\\node_modules\\express\\lib\\router\\index.js:346:12)\n    at next (D:\\Frist.c++\\H010\\server\\node_modules\\express\\lib\\router\\index.js:280:10)\n    at Layer.handle [as handle_request] (D:\\Frist.c++\\H010\\server\\node_modules\\express\\lib\\router\\layer.js:91:12)\n    at trim_prefix (D:\\Frist.c++\\H010\\server\\node_modules\\express\\lib\\router\\index.js:328:13)\n    at D:\\Frist.c++\\H010\\server\\node_modules\\express\\lib\\router\\index.js:286:9\n    at Function.process_params (D:\\Frist.c++\\H010\\server\\node_modules\\express\\lib\\router\\index.js:346:12)"
}
2026-01-05 18:06:31 [[31MERROR[39M] 500 - Not Found - /favicon.ico - /favicon.ico - GET - 127.0.0.1 {
  "stack": "Error: Not Found - /favicon.ico\n    at notFound (D:\\Frist.c++\\H010\\server\\middleware\\errorHandler.js:99:19)\n    at Layer.handle [as handle_request] (D:\\Frist.c++\\H010\\server\\node_modules\\express\\lib\\router\\layer.js:95:5)\n    at trim_prefix (D:\\Frist.c++\\H010\\server\\node_modules\\express\\lib\\router\\index.js:328:13)\n    at D:\\Frist.c++\\H010\\server\\node_modules\\express\\lib\\router\\index.js:286:9\n    at Function.process_params (D:\\Frist.c++\\H010\\server\\node_modules\\express\\lib\\router\\index.js:346:12)\n    at next (D:\\Frist.c++\\H010\\server\\node_modules\\express\\lib\\router\\index.js:280:10)\n    at Layer.handle [as handle_request] (D:\\Frist.c++\\H010\\server\\node_modules\\express\\lib\\router\\layer.js:91:12)\n    at trim_prefix (D:\\Frist.c++\\H010\\server\\node_modules\\express\\lib\\router\\index.js:328:13)\n    at D:\\Frist.c++\\H010\\server\\node_modules\\express\\lib\\router\\index.js:286:9\n    at Function.process_params (D:\\Frist.c++\\H010\\server\\node_modules\\express\\lib\\router\\index.js:346:12)"
}
2026-01-05 18:06:58 [[31MERROR[39M] 500 - Not Found - /api/v1/applications - /api/v1/applications - GET - 127.0.0.1 {
  "stack": "Error: Not Found - /api/v1/applications\n    at notFound (D:\\Frist.c++\\H010\\server\\middleware\\errorHandler.js:99:19)\n    at Layer.handle [as handle_request] (D:\\Frist.c++\\H010\\server\\node_modules\\express\\lib\\router\\layer.js:95:5)\n    at trim_prefix (D:\\Frist.c++\\H010\\server\\node_modules\\express\\lib\\router\\index.js:328:13)\n    at D:\\Frist.c++\\H010\\server\\node_modules\\express\\lib\\router\\index.js:286:9\n    at Function.process_params (D:\\Frist.c++\\H010\\server\\node_modules\\express\\lib\\router\\index.js:346:12)\n    at next (D:\\Frist.c++\\H010\\server\\node_modules\\express\\lib\\router\\index.js:280:10)\n    at Layer.handle [as handle_request] (D:\\Frist.c++\\H010\\server\\node_modules\\express\\lib\\router\\layer.js:91:12)\n    at trim_prefix (D:\\Frist.c++\\H010\\server\\node_modules\\express\\lib\\router\\index.js:328:13)\n    at D:\\Frist.c++\\H010\\server\\node_modules\\express\\lib\\router\\index.js:286:9\n    at Function.process_params (D:\\Frist.c++\\H010\\server\\node_modules\\express\\lib\\router\\index.js:346:12)"
}
2026-01-05 18:06:58 [[31MERROR[39M] 500 - Not Found - /favicon.ico - /favicon.ico - GET - 127.0.0.1 {
  "stack": "Error: Not Found - /favicon.ico\n    at notFound (D:\\Frist.c++\\H010\\server\\middleware\\errorHandler.js:99:19)\n    at Layer.handle [as handle_request] (D:\\Frist.c++\\H010\\server\\node_modules\\express\\lib\\router\\layer.js:95:5)\n    at trim_prefix (D:\\Frist.c++\\H010\\server\\node_modules\\express\\lib\\router\\index.js:328:13)\n    at D:\\Frist.c++\\H010\\server\\node_modules\\express\\lib\\router\\index.js:286:9\n    at Function.process_params (D:\\Frist.c++\\H010\\server\\node_modules\\express\\lib\\router\\index.js:346:12)\n    at next (D:\\Frist.c++\\H010\\server\\node_modules\\express\\lib\\router\\index.js:280:10)\n    at Layer.handle [as handle_request] (D:\\Frist.c++\\H010\\server\\node_modules\\express\\lib\\router\\layer.js:91:12)\n    at trim_prefix (D:\\Frist.c++\\H010\\server\\node_modules\\express\\lib\\router\\index.js:328:13)\n    at D:\\Frist.c++\\H010\\server\\node_modules\\express\\lib\\router\\index.js:286:9\n    at Function.process_params (D:\\Frist.c++\\H010\\server\\node_modules\\express\\lib\\router\\index.js:346:12)"
}
2026-01-05 18:19:07 [[31MERROR[39M] 500 - Not Found - /api/v1/applications - /api/v1/applications - GET - 127.0.0.1 {
  "stack": "Error: Not Found - /api/v1/applications\n    at notFound (D:\\Frist.c++\\H010\\server\\middleware\\errorHandler.js:99:19)\n    at Layer.handle [as handle_request] (D:\\Frist.c++\\H010\\server\\node_modules\\express\\lib\\router\\layer.js:95:5)\n    at trim_prefix (D:\\Frist.c++\\H010\\server\\node_modules\\express\\lib\\router\\index.js:328:13)\n    at D:\\Frist.c++\\H010\\server\\node_modules\\express\\lib\\router\\index.js:286:9\n    at Function.process_params (D:\\Frist.c++\\H010\\server\\node_modules\\express\\lib\\router\\index.js:346:12)\n    at next (D:\\Frist.c++\\H010\\server\\node_modules\\express\\lib\\router\\index.js:280:10)\n    at Layer.handle [as handle_request] (D:\\Frist.c++\\H010\\server\\node_modules\\express\\lib\\router\\layer.js:91:12)\n    at trim_prefix (D:\\Frist.c++\\H010\\server\\node_modules\\express\\lib\\router\\index.js:328:13)\n    at D:\\Frist.c++\\H010\\server\\node_modules\\express\\lib\\router\\index.js:286:9\n    at Function.process_params (D:\\Frist.c++\\H010\\server\\node_modules\\express\\lib\\router\\index.js:346:12)"
}
2026-01-05 18:19:07 [[31MERROR[39M] 500 - Not Found - /favicon.ico - /favicon.ico - GET - 127.0.0.1 {
  "stack": "Error: Not Found - /favicon.ico\n    at notFound (D:\\Frist.c++\\H010\\server\\middleware\\errorHandler.js:99:19)\n    at Layer.handle [as handle_request] (D:\\Frist.c++\\H010\\server\\node_modules\\express\\lib\\router\\layer.js:95:5)\n    at trim_prefix (D:\\Frist.c++\\H010\\server\\node_modules\\express\\lib\\router\\index.js:328:13)\n    at D:\\Frist.c++\\H010\\server\\node_modules\\express\\lib\\router\\index.js:286:9\n    at Function.process_params (D:\\Frist.c++\\H010\\server\\node_modules\\express\\lib\\router\\index.js:346:12)\n    at next (D:\\Frist.c++\\H010\\server\\node_modules\\express\\lib\\router\\index.js:280:10)\n    at Layer.handle [as handle_request] (D:\\Frist.c++\\H010\\server\\node_modules\\express\\lib\\router\\layer.js:91:12)\n    at trim_prefix (D:\\Frist.c++\\H010\\server\\node_modules\\express\\lib\\router\\index.js:328:13)\n    at D:\\Frist.c++\\H010\\server\\node_modules\\express\\lib\\router\\index.js:286:9\n    at Function.process_params (D:\\Frist.c++\\H010\\server\\node_modules\\express\\lib\\router\\index.js:346:12)"
}
2026-01-05 18:19:11 [[31MERROR[39M] 500 - Not Found - /api/v1/applications53 - /api/v1/applications53 - GET - 127.0.0.1 {
  "stack": "Error: Not Found - /api/v1/applications53\n    at notFound (D:\\Frist.c++\\H010\\server\\middleware\\errorHandler.js:99:19)\n    at Layer.handle [as handle_request] (D:\\Frist.c++\\H010\\server\\node_modules\\express\\lib\\router\\layer.js:95:5)\n    at trim_prefix (D:\\Frist.c++\\H010\\server\\node_modules\\express\\lib\\router\\index.js:328:13)\n    at D:\\Frist.c++\\H010\\server\\node_modules\\express\\lib\\router\\index.js:286:9\n    at Function.process_params (D:\\Frist.c++\\H010\\server\\node_modules\\express\\lib\\router\\index.js:346:12)\n    at next (D:\\Frist.c++\\H010\\server\\node_modules\\express\\lib\\router\\index.js:280:10)\n    at Layer.handle [as handle_request] (D:\\Frist.c++\\H010\\server\\node_modules\\express\\lib\\router\\layer.js:91:12)\n    at trim_prefix (D:\\Frist.c++\\H010\\server\\node_modules\\express\\lib\\router\\index.js:328:13)\n    at D:\\Frist.c++\\H010\\server\\node_modules\\express\\lib\\router\\index.js:286:9\n    at Function.process_params (D:\\Frist.c++\\H010\\server\\node_modules\\express\\lib\\router\\index.js:346:12)"
}
2026-01-05 18:19:11 [[31MERROR[39M] 500 - Not Found - /favicon.ico - /favicon.ico - GET - 127.0.0.1 {
  "stack": "Error: Not Found - /favicon.ico\n    at notFound (D:\\Frist.c++\\H010\\server\\middleware\\errorHandler.js:99:19)\n    at Layer.handle [as handle_request] (D:\\Frist.c++\\H010\\server\\node_modules\\express\\lib\\router\\layer.js:95:5)\n    at trim_prefix (D:\\Frist.c++\\H010\\server\\node_modules\\express\\lib\\router\\index.js:328:13)\n    at D:\\Frist.c++\\H010\\server\\node_modules\\express\\lib\\router\\index.js:286:9\n    at Function.process_params (D:\\Frist.c++\\H010\\server\\node_modules\\express\\lib\\router\\index.js:346:12)\n    at next (D:\\Frist.c++\\H010\\server\\node_modules\\express\\lib\\router\\index.js:280:10)\n    at Layer.handle [as handle_request] (D:\\Frist.c++\\H010\\server\\node_modules\\express\\lib\\router\\layer.js:91:12)\n    at trim_prefix (D:\\Frist.c++\\H010\\server\\node_modules\\express\\lib\\router\\index.js:328:13)\n    at D:\\Frist.c++\\H010\\server\\node_modules\\express\\lib\\router\\index.js:286:9\n    at Function.process_params (D:\\Frist.c++\\H010\\server\\node_modules\\express\\lib\\router\\index.js:346:12)"
}
2026-01-05 18:19:17 [[31MERROR[39M] 500 - Not Found - /api/v1/applications53 - /api/v1/applications53 - GET - 127.0.0.1 {
  "stack": "Error: Not Found - /api/v1/applications53\n    at notFound (D:\\Frist.c++\\H010\\server\\middleware\\errorHandler.js:99:19)\n    at Layer.handle [as handle_request] (D:\\Frist.c++\\H010\\server\\node_modules\\express\\lib\\router\\layer.js:95:5)\n    at trim_prefix (D:\\Frist.c++\\H010\\server\\node_modules\\express\\lib\\router\\index.js:328:13)\n    at D:\\Frist.c++\\H010\\server\\node_modules\\express\\lib\\router\\index.js:286:9\n    at Function.process_params (D:\\Frist.c++\\H010\\server\\node_modules\\express\\lib\\router\\index.js:346:12)\n    at next (D:\\Frist.c++\\H010\\server\\node_modules\\express\\lib\\router\\index.js:280:10)\n    at Layer.handle [as handle_request] (D:\\Frist.c++\\H010\\server\\node_modules\\express\\lib\\router\\layer.js:91:12)\n    at trim_prefix (D:\\Frist.c++\\H010\\server\\node_modules\\express\\lib\\router\\index.js:328:13)\n    at D:\\Frist.c++\\H010\\server\\node_modules\\express\\lib\\router\\index.js:286:9\n    at Function.process_params (D:\\Frist.c++\\H010\\server\\node_modules\\express\\lib\\router\\index.js:346:12)"
}
2026-01-05 18:19:17 [[31MERROR[39M] 500 - Not Found - /favicon.ico - /favicon.ico - GET - 127.0.0.1 {
  "stack": "Error: Not Found - /favicon.ico\n    at notFound (D:\\Frist.c++\\H010\\server\\middleware\\errorHandler.js:99:19)\n    at Layer.handle [as handle_request] (D:\\Frist.c++\\H010\\server\\node_modules\\express\\lib\\router\\layer.js:95:5)\n    at trim_prefix (D:\\Frist.c++\\H010\\server\\node_modules\\express\\lib\\router\\index.js:328:13)\n    at D:\\Frist.c++\\H010\\server\\node_modules\\express\\lib\\router\\index.js:286:9\n    at Function.process_params (D:\\Frist.c++\\H010\\server\\node_modules\\express\\lib\\router\\index.js:346:12)\n    at next (D:\\Frist.c++\\H010\\server\\node_modules\\express\\lib\\router\\index.js:280:10)\n    at Layer.handle [as handle_request] (D:\\Frist.c++\\H010\\server\\node_modules\\express\\lib\\router\\layer.js:91:12)\n    at trim_prefix (D:\\Frist.c++\\H010\\server\\node_modules\\express\\lib\\router\\index.js:328:13)\n    at D:\\Frist.c++\\H010\\server\\node_modules\\express\\lib\\router\\index.js:286:9\n    at Function.process_params (D:\\Frist.c++\\H010\\server\\node_modules\\express\\lib\\router\\index.js:346:12)"
}
2026-01-05 18:19:20 [[31MERROR[39M] 500 - Not Found - /favicon.ico - /favicon.ico - GET - 127.0.0.1 {
  "stack": "Error: Not Found - /favicon.ico\n    at notFound (D:\\Frist.c++\\H010\\server\\middleware\\errorHandler.js:99:19)\n    at Layer.handle [as handle_request] (D:\\Frist.c++\\H010\\server\\node_modules\\express\\lib\\router\\layer.js:95:5)\n    at trim_prefix (D:\\Frist.c++\\H010\\server\\node_modules\\express\\lib\\router\\index.js:328:13)\n    at D:\\Frist.c++\\H010\\server\\node_modules\\express\\lib\\router\\index.js:286:9\n    at Function.process_params (D:\\Frist.c++\\H010\\server\\node_modules\\express\\lib\\router\\index.js:346:12)\n    at next (D:\\Frist.c++\\H010\\server\\node_modules\\express\\lib\\router\\index.js:280:10)\n    at Layer.handle [as handle_request] (D:\\Frist.c++\\H010\\server\\node_modules\\express\\lib\\router\\layer.js:91:12)\n    at trim_prefix (D:\\Frist.c++\\H010\\server\\node_modules\\express\\lib\\router\\index.js:328:13)\n    at D:\\Frist.c++\\H010\\server\\node_modules\\express\\lib\\router\\index.js:286:9\n    at Function.process_params (D:\\Frist.c++\\H010\\server\\node_modules\\express\\lib\\router\\index.js:346:12)"
}
2026-01-05 18:20:46 [[31MERROR[39M] 500 - Not Found - /favicon.ico - /favicon.ico - GET - 127.0.0.1 {
  "stack": "Error: Not Found - /favicon.ico\n    at notFound (D:\\Frist.c++\\H010\\server\\middleware\\errorHandler.js:99:19)\n    at Layer.handle [as handle_request] (D:\\Frist.c++\\H010\\server\\node_modules\\express\\lib\\router\\layer.js:95:5)\n    at trim_prefix (D:\\Frist.c++\\H010\\server\\node_modules\\express\\lib\\router\\index.js:328:13)\n    at D:\\Frist.c++\\H010\\server\\node_modules\\express\\lib\\router\\index.js:286:9\n    at Function.process_params (D:\\Frist.c++\\H010\\server\\node_modules\\express\\lib\\router\\index.js:346:12)\n    at next (D:\\Frist.c++\\H010\\server\\node_modules\\express\\lib\\router\\index.js:280:10)\n    at Layer.handle [as handle_request] (D:\\Frist.c++\\H010\\server\\node_modules\\express\\lib\\router\\layer.js:91:12)\n    at trim_prefix (D:\\Frist.c++\\H010\\server\\node_modules\\express\\lib\\router\\index.js:328:13)\n    at D:\\Frist.c++\\H010\\server\\node_modules\\express\\lib\\router\\index.js:286:9\n    at Function.process_params (D:\\Frist.c++\\H010\\server\\node_modules\\express\\lib\\router\\index.js:346:12)"
}
2026-01-05 18:20:50 [[31MERROR[39M] 500 - Not Found - /favicon.ico - /favicon.ico - GET - 127.0.0.1 {
  "stack": "Error: Not Found - /favicon.ico\n    at notFound (D:\\Frist.c++\\H010\\server\\middleware\\errorHandler.js:99:19)\n    at Layer.handle [as handle_request] (D:\\Frist.c++\\H010\\server\\node_modules\\express\\lib\\router\\layer.js:95:5)\n    at trim_prefix (D:\\Frist.c++\\H010\\server\\node_modules\\express\\lib\\router\\index.js:328:13)\n    at D:\\Frist.c++\\H010\\server\\node_modules\\express\\lib\\router\\index.js:286:9\n    at Function.process_params (D:\\Frist.c++\\H010\\server\\node_modules\\express\\lib\\router\\index.js:346:12)\n    at next (D:\\Frist.c++\\H010\\server\\node_modules\\express\\lib\\router\\index.js:280:10)\n    at Layer.handle [as handle_request] (D:\\Frist.c++\\H010\\server\\node_modules\\express\\lib\\router\\layer.js:91:12)\n    at trim_prefix (D:\\Frist.c++\\H010\\server\\node_modules\\express\\lib\\router\\index.js:328:13)\n    at D:\\Frist.c++\\H010\\server\\node_modules\\express\\lib\\router\\index.js:286:9\n    at Function.process_params (D:\\Frist.c++\\H010\\server\\node_modules\\express\\lib\\router\\index.js:346:12)"
}
2026-01-05 18:20:51 [[31MERROR[39M] 500 - Not Found - /api/v1/applications53 - /api/v1/applications53 - GET - 127.0.0.1 {
  "stack": "Error: Not Found - /api/v1/applications53\n    at notFound (D:\\Frist.c++\\H010\\server\\middleware\\errorHandler.js:99:19)\n    at Layer.handle [as handle_request] (D:\\Frist.c++\\H010\\server\\node_modules\\express\\lib\\router\\layer.js:95:5)\n    at trim_prefix (D:\\Frist.c++\\H010\\server\\node_modules\\express\\lib\\router\\index.js:328:13)\n    at D:\\Frist.c++\\H010\\server\\node_modules\\express\\lib\\router\\index.js:286:9\n    at Function.process_params (D:\\Frist.c++\\H010\\server\\node_modules\\express\\lib\\router\\index.js:346:12)\n    at next (D:\\Frist.c++\\H010\\server\\node_modules\\express\\lib\\router\\index.js:280:10)\n    at Layer.handle [as handle_request] (D:\\Frist.c++\\H010\\server\\node_modules\\express\\lib\\router\\layer.js:91:12)\n    at trim_prefix (D:\\Frist.c++\\H010\\server\\node_modules\\express\\lib\\router\\index.js:328:13)\n    at D:\\Frist.c++\\H010\\server\\node_modules\\express\\lib\\router\\index.js:286:9\n    at Function.process_params (D:\\Frist.c++\\H010\\server\\node_modules\\express\\lib\\router\\index.js:346:12)"
}
2026-01-05 18:20:51 [[31MERROR[39M] 500 - Not Found - /favicon.ico - /favicon.ico - GET - 127.0.0.1 {
  "stack": "Error: Not Found - /favicon.ico\n    at notFound (D:\\Frist.c++\\H010\\server\\middleware\\errorHandler.js:99:19)\n    at Layer.handle [as handle_request] (D:\\Frist.c++\\H010\\server\\node_modules\\express\\lib\\router\\layer.js:95:5)\n    at trim_prefix (D:\\Frist.c++\\H010\\server\\node_modules\\express\\lib\\router\\index.js:328:13)\n    at D:\\Frist.c++\\H010\\server\\node_modules\\express\\lib\\router\\index.js:286:9\n    at Function.process_params (D:\\Frist.c++\\H010\\server\\node_modules\\express\\lib\\router\\index.js:346:12)\n    at next (D:\\Frist.c++\\H010\\server\\node_modules\\express\\lib\\router\\index.js:280:10)\n    at Layer.handle [as handle_request] (D:\\Frist.c++\\H010\\server\\node_modules\\express\\lib\\router\\layer.js:91:12)\n    at trim_prefix (D:\\Frist.c++\\H010\\server\\node_modules\\express\\lib\\router\\index.js:328:13)\n    at D:\\Frist.c++\\H010\\server\\node_modules\\express\\lib\\router\\index.js:286:9\n    at Function.process_params (D:\\Frist.c++\\H010\\server\\node_modules\\express\\lib\\router\\index.js:346:12)"
}
2026-01-05 18:21:35 [[31MERROR[39M] 404 - Resource not found - /api/v1/applications53 - GET - 127.0.0.1 {
  "stack": "ApiError: Resource not found\n    at notFound (D:\\Frist.c++\\H010\\server\\middleware\\errorHandler.js:125:19)\n    at Layer.handle [as handle_request] (D:\\Frist.c++\\H010\\server\\node_modules\\express\\lib\\router\\layer.js:95:5)\n    at trim_prefix (D:\\Frist.c++\\H010\\server\\node_modules\\express\\lib\\router\\index.js:328:13)\n    at D:\\Frist.c++\\H010\\server\\node_modules\\express\\lib\\router\\index.js:286:9\n    at Function.process_params (D:\\Frist.c++\\H010\\server\\node_modules\\express\\lib\\router\\index.js:346:12)\n    at next (D:\\Frist.c++\\H010\\server\\node_modules\\express\\lib\\router\\index.js:280:10)\n    at Layer.handle [as handle_request] (D:\\Frist.c++\\H010\\server\\node_modules\\express\\lib\\router\\layer.js:91:12)\n    at trim_prefix (D:\\Frist.c++\\H010\\server\\node_modules\\express\\lib\\router\\index.js:328:13)\n    at D:\\Frist.c++\\H010\\server\\node_modules\\express\\lib\\router\\index.js:286:9\n    at Function.process_params (D:\\Frist.c++\\H010\\server\\node_modules\\express\\lib\\router\\index.js:346:12)"
}
2026-01-05 18:21:35 [[31MERROR[39M] 404 - Resource not found - /favicon.ico - GET - 127.0.0.1 {
  "stack": "ApiError: Resource not found\n    at notFound (D:\\Frist.c++\\H010\\server\\middleware\\errorHandler.js:125:19)\n    at Layer.handle [as handle_request] (D:\\Frist.c++\\H010\\server\\node_modules\\express\\lib\\router\\layer.js:95:5)\n    at trim_prefix (D:\\Frist.c++\\H010\\server\\node_modules\\express\\lib\\router\\index.js:328:13)\n    at D:\\Frist.c++\\H010\\server\\node_modules\\express\\lib\\router\\index.js:286:9\n    at Function.process_params (D:\\Frist.c++\\H010\\server\\node_modules\\express\\lib\\router\\index.js:346:12)\n    at next (D:\\Frist.c++\\H010\\server\\node_modules\\express\\lib\\router\\index.js:280:10)\n    at Layer.handle [as handle_request] (D:\\Frist.c++\\H010\\server\\node_modules\\express\\lib\\router\\layer.js:91:12)\n    at trim_prefix (D:\\Frist.c++\\H010\\server\\node_modules\\express\\lib\\router\\index.js:328:13)\n    at D:\\Frist.c++\\H010\\server\\node_modules\\express\\lib\\router\\index.js:286:9\n    at Function.process_params (D:\\Frist.c++\\H010\\server\\node_modules\\express\\lib\\router\\index.js:346:12)"
}
2026-01-05 18:23:50 [[31MERROR[39M] 404 - Resource not found - /api/v1/applications53 - GET - 127.0.0.1 {
  "stack": "ApiError: Resource not found\n    at notFound (D:\\Frist.c++\\H010\\server\\middleware\\errorHandler.js:125:19)\n    at Layer.handle [as handle_request] (D:\\Frist.c++\\H010\\server\\node_modules\\express\\lib\\router\\layer.js:95:5)\n    at trim_prefix (D:\\Frist.c++\\H010\\server\\node_modules\\express\\lib\\router\\index.js:328:13)\n    at D:\\Frist.c++\\H010\\server\\node_modules\\express\\lib\\router\\index.js:286:9\n    at Function.process_params (D:\\Frist.c++\\H010\\server\\node_modules\\express\\lib\\router\\index.js:346:12)\n    at next (D:\\Frist.c++\\H010\\server\\node_modules\\express\\lib\\router\\index.js:280:10)\n    at Layer.handle [as handle_request] (D:\\Frist.c++\\H010\\server\\node_modules\\express\\lib\\router\\layer.js:91:12)\n    at trim_prefix (D:\\Frist.c++\\H010\\server\\node_modules\\express\\lib\\router\\index.js:328:13)\n    at D:\\Frist.c++\\H010\\server\\node_modules\\express\\lib\\router\\index.js:286:9\n    at Function.process_params (D:\\Frist.c++\\H010\\server\\node_modules\\express\\lib\\router\\index.js:346:12)"
}
