22026-03-13 03:07:02 [[31MERROR[39M] uncaughtException: listen EADDRINUSE: address already in use 0.0.0.0:5001
Error: listen EADDRINUSE: address already in use 0.0.0.0:5001
    at Server.setupListenHandle [as _listen2] (node:net:1940:16)
    at listenInCluster (node:net:1997:12)
    at node:net:2206:7
    at process.processTicksAndRejections (node:internal/process/task_queues:90:21) {
  "error": {
    "code": "EADDRINUSE",
    "errno": -4091,
    "syscall": "listen",
    "address": "0.0.0.0",
    "port": 5001
  },
  "stack": "Error: listen EADDRINUSE: address already in use 0.0.0.0:5001\n    at Server.setupListenHandle [as _listen2] (node:net:1940:16)\n    at listenInCluster (node:net:1997:12)\n    at node:net:2206:7\n    at process.processTicksAndRejections (node:internal/process/task_queues:90:21)",
  "exception": true,
  "date": "Fri Mar 13 2026 03:07:02 GMT+0200 (Eastern European Standard Time)",
  "process": {
    "pid": 19632,
    "uid": null,
    "gid": null,
    "cwd": "D:\\Frist.c++\\build\\H010\\server",
    "execPath": "D:\\node\\node.exe",
    "version": "v22.18.0",
    "argv": [
      "D:\\node\\node.exe",
      "D:\\Frist.c++\\build\\H010\\server\\server.js"
    ],
    "memoryUsage": {
      "rss": 96555008,
      "heapTotal": 60366848,
      "heapUsed": 39900792,
      "external": 21774532,
      "arrayBuffers": 18315075
    }
  },
  "os": {
    "loadavg": [
      0,
      0,
      0
    ],
    "uptime": 18324.875
  },
  "trace": [
    {
      "column": 16,
      "file": "node:net",
      "function": "Server.setupListenHandle [as _listen2]",
      "line": 1940,
      "method": "setupListenHandle [as _listen2]",
      "native": false
    },
    {
      "column": 12,
      "file": "node:net",
      "function": "listenInCluster",
      "line": 1997,
      "method": null,
      "native": false
    },
    {
      "column": 7,
      "file": "node:net",
      "function": null,
      "line": 2206,
      "method": null,
      "native": false
    },
    {
      "column": 21,
      "file": "node:internal/process/task_queues",
      "function": "process.processTicksAndRejections",
      "line": 90,
      "method": "processTicksAndRejections",
      "native": false
    }
  ]
}
